This is pdfTeX, Version 3.14159265-2.6-1.40.21 (TeX Live 2020/W32TeX) (preloaded format=pdflatex 2020.10.23)  14 JAN 2021 21:49
entering extended mode
 restricted \write18 enabled.
 %&-line parsing enabled.
**PROGI_ProjektnaDokumentacija_v6.tex
(./PROGI_ProjektnaDokumentacija_v6.tex
LaTeX2e <2020-10-01> patch level 1
L3 programming layer <2020-10-05> xparse <2020-03-03>
(c:/texlive/2020/texmf-dist/tex/latex/base/report.cls
Document Class: report 2020/04/10 v1.4m Standard LaTeX document class
(c:/texlive/2020/texmf-dist/tex/latex/base/size12.clo
File: size12.clo 2020/04/10 v1.4m Standard LaTeX file (size option)
)
\c@part=\count175
\c@chapter=\count176
\c@section=\count177
\c@subsection=\count178
\c@subsubsection=\count179
\c@paragraph=\count180
\c@subparagraph=\count181
\c@figure=\count182
\c@table=\count183
\abovecaptionskip=\skip47
\belowcaptionskip=\skip48
\bibindent=\dimen138
)
(c:/texlive/2020/texmf-dist/tex/generic/babel/babel.sty
Package: babel 2020/10/06 3.50 The Babel package

(c:/texlive/2020/texmf-dist/tex/generic/babel/babel.def
File: babel.def 2020/10/06 3.50 Babel common definitions
\babel@savecnt=\count184
\U@D=\dimen139
\l@babelnohyphens=\language86

(c:/texlive/2020/texmf-dist/tex/generic/babel/txtbabel.def)
\bbl@readstream=\read2
)
\bbl@dirlevel=\count185

(c:/texlive/2020/texmf-dist/tex/generic/babel-croatian/croatian.ldf
Language: croatian 2014/03/31 v1.3m Croatian support from the babel system
))
(c:/texlive/2020/texmf-dist/tex/latex/amsfonts/amssymb.sty
Package: amssymb 2013/01/14 v3.01 AMS font symbols

(c:/texlive/2020/texmf-dist/tex/latex/amsfonts/amsfonts.sty
Package: amsfonts 2013/01/14 v3.01 Basic AMSFonts support
\@emptytoks=\toks15
\symAMSa=\mathgroup4
\symAMSb=\mathgroup5
LaTeX Font Info:    Redeclaring math symbol \hbar on input line 98.
LaTeX Font Info:    Overwriting math alphabet `\mathfrak' in version `bold'
(Font)                  U/euf/m/n --> U/euf/b/n on input line 106.
))
(c:/texlive/2020/texmf-dist/tex/latex/amsmath/amsmath.sty
Package: amsmath 2020/09/23 v2.17i AMS math features
\@mathmargin=\skip49

For additional information on amsmath, use the `?' option.
(c:/texlive/2020/texmf-dist/tex/latex/amsmath/amstext.sty
Package: amstext 2000/06/29 v2.01 AMS text

(c:/texlive/2020/texmf-dist/tex/latex/amsmath/amsgen.sty
File: amsgen.sty 1999/11/30 v2.0 generic functions
\@emptytoks=\toks16
\ex@=\dimen140
))
(c:/texlive/2020/texmf-dist/tex/latex/amsmath/amsbsy.sty
Package: amsbsy 1999/11/29 v1.2d Bold Symbols
\pmbraise@=\dimen141
)
(c:/texlive/2020/texmf-dist/tex/latex/amsmath/amsopn.sty
Package: amsopn 2016/03/08 v2.02 operator names
)
\inf@bad=\count186
LaTeX Info: Redefining \frac on input line 234.
\uproot@=\count187
\leftroot@=\count188
LaTeX Info: Redefining \overline on input line 399.
\classnum@=\count189
\DOTSCASE@=\count190
LaTeX Info: Redefining \ldots on input line 496.
LaTeX Info: Redefining \dots on input line 499.
LaTeX Info: Redefining \cdots on input line 620.
\Mathstrutbox@=\box47
\strutbox@=\box48
\big@size=\dimen142
LaTeX Font Info:    Redeclaring font encoding OML on input line 743.
LaTeX Font Info:    Redeclaring font encoding OMS on input line 744.
\macc@depth=\count191
\c@MaxMatrixCols=\count192
\dotsspace@=\muskip16
\c@parentequation=\count193
\dspbrk@lvl=\count194
\tag@help=\toks17
\row@=\count195
\column@=\count196
\maxfields@=\count197
\andhelp@=\toks18
\eqnshift@=\dimen143
\alignsep@=\dimen144
\tagshift@=\dimen145
\tagwidth@=\dimen146
\totwidth@=\dimen147
\lineht@=\dimen148
\@envbody=\toks19
\multlinegap=\skip50
\multlinetaggap=\skip51
\mathdisplay@stack=\toks20
LaTeX Info: Redefining \[ on input line 2923.
LaTeX Info: Redefining \] on input line 2924.
)
(c:/texlive/2020/texmf-dist/tex/latex/txfonts/txfonts.sty
Package: txfonts 2008/01/22 v3.2.1
LaTeX Font Info:    Redeclaring symbol font `operators' on input line 21.
LaTeX Font Info:    Overwriting symbol font `operators' in version `normal'
(Font)                  OT1/cmr/m/n --> OT1/txr/m/n on input line 21.
LaTeX Font Info:    Overwriting symbol font `operators' in version `bold'
(Font)                  OT1/cmr/bx/n --> OT1/txr/m/n on input line 21.
LaTeX Font Info:    Overwriting symbol font `operators' in version `bold'
(Font)                  OT1/txr/m/n --> OT1/txr/bx/n on input line 22.
\symitalic=\mathgroup6
LaTeX Font Info:    Overwriting symbol font `italic' in version `bold'
(Font)                  OT1/txr/m/it --> OT1/txr/bx/it on input line 26.
LaTeX Font Info:    Redeclaring math alphabet \mathbf on input line 29.
LaTeX Font Info:    Overwriting math alphabet `\mathbf' in version `normal'
(Font)                  OT1/cmr/bx/n --> OT1/txr/bx/n on input line 29.
LaTeX Font Info:    Overwriting math alphabet `\mathbf' in version `bold'
(Font)                  OT1/cmr/bx/n --> OT1/txr/bx/n on input line 29.
LaTeX Font Info:    Redeclaring math alphabet \mathit on input line 30.
LaTeX Font Info:    Overwriting math alphabet `\mathit' in version `normal'
(Font)                  OT1/cmr/m/it --> OT1/txr/m/it on input line 30.
LaTeX Font Info:    Overwriting math alphabet `\mathit' in version `bold'
(Font)                  OT1/cmr/bx/it --> OT1/txr/m/it on input line 30.
LaTeX Font Info:    Overwriting math alphabet `\mathit' in version `bold'
(Font)                  OT1/txr/m/it --> OT1/txr/bx/it on input line 31.
LaTeX Font Info:    Redeclaring math alphabet \mathsf on input line 40.
LaTeX Font Info:    Overwriting math alphabet `\mathsf' in version `normal'
(Font)                  OT1/cmss/m/n --> OT1/txss/m/n on input line 40.
LaTeX Font Info:    Overwriting math alphabet `\mathsf' in version `bold'
(Font)                  OT1/cmss/bx/n --> OT1/txss/m/n on input line 40.
LaTeX Font Info:    Overwriting math alphabet `\mathsf' in version `bold'
(Font)                  OT1/txss/m/n --> OT1/txss/b/n on input line 41.
LaTeX Font Info:    Redeclaring math alphabet \mathtt on input line 50.
LaTeX Font Info:    Overwriting math alphabet `\mathtt' in version `normal'
(Font)                  OT1/cmtt/m/n --> OT1/txtt/m/n on input line 50.
LaTeX Font Info:    Overwriting math alphabet `\mathtt' in version `bold'
(Font)                  OT1/cmtt/m/n --> OT1/txtt/m/n on input line 50.
LaTeX Font Info:    Overwriting math alphabet `\mathtt' in version `bold'
(Font)                  OT1/txtt/m/n --> OT1/txtt/b/n on input line 51.
LaTeX Font Info:    Redeclaring symbol font `letters' on input line 58.
LaTeX Font Info:    Overwriting symbol font `letters' in version `normal'
(Font)                  OML/cmm/m/it --> OML/txmi/m/it on input line 58.
LaTeX Font Info:    Overwriting symbol font `letters' in version `bold'
(Font)                  OML/cmm/b/it --> OML/txmi/m/it on input line 58.
LaTeX Font Info:    Overwriting symbol font `letters' in version `bold'
(Font)                  OML/txmi/m/it --> OML/txmi/bx/it on input line 59.
\symlettersA=\mathgroup7
LaTeX Font Info:    Overwriting symbol font `lettersA' in version `bold'
(Font)                  U/txmia/m/it --> U/txmia/bx/it on input line 67.
LaTeX Font Info:    Redeclaring math alphabet \mathfrak on input line 70.
LaTeX Font Info:    Redeclaring symbol font `symbols' on input line 77.
LaTeX Font Info:    Overwriting symbol font `symbols' in version `normal'
(Font)                  OMS/cmsy/m/n --> OMS/txsy/m/n on input line 77.
LaTeX Font Info:    Overwriting symbol font `symbols' in version `bold'
(Font)                  OMS/cmsy/b/n --> OMS/txsy/m/n on input line 77.
LaTeX Font Info:    Overwriting symbol font `symbols' in version `bold'
(Font)                  OMS/txsy/m/n --> OMS/txsy/bx/n on input line 78.
LaTeX Font Info:    Redeclaring symbol font `AMSa' on input line 93.
LaTeX Font Info:    Overwriting symbol font `AMSa' in version `normal'
(Font)                  U/msa/m/n --> U/txsya/m/n on input line 93.
LaTeX Font Info:    Overwriting symbol font `AMSa' in version `bold'
(Font)                  U/msa/m/n --> U/txsya/m/n on input line 93.
LaTeX Font Info:    Overwriting symbol font `AMSa' in version `bold'
(Font)                  U/txsya/m/n --> U/txsya/bx/n on input line 94.
LaTeX Font Info:    Redeclaring symbol font `AMSb' on input line 102.
LaTeX Font Info:    Overwriting symbol font `AMSb' in version `normal'
(Font)                  U/msb/m/n --> U/txsyb/m/n on input line 102.
LaTeX Font Info:    Overwriting symbol font `AMSb' in version `bold'
(Font)                  U/msb/m/n --> U/txsyb/m/n on input line 102.
LaTeX Font Info:    Overwriting symbol font `AMSb' in version `bold'
(Font)                  U/txsyb/m/n --> U/txsyb/bx/n on input line 103.
\symsymbolsC=\mathgroup8
LaTeX Font Info:    Overwriting symbol font `symbolsC' in version `bold'
(Font)                  U/txsyc/m/n --> U/txsyc/bx/n on input line 113.
LaTeX Font Info:    Redeclaring symbol font `largesymbols' on input line 120.
LaTeX Font Info:    Overwriting symbol font `largesymbols' in version `normal'
(Font)                  OMX/cmex/m/n --> OMX/txex/m/n on input line 120.
LaTeX Font Info:    Overwriting symbol font `largesymbols' in version `bold'
(Font)                  OMX/cmex/m/n --> OMX/txex/m/n on input line 120.
LaTeX Font Info:    Overwriting symbol font `largesymbols' in version `bold'
(Font)                  OMX/txex/m/n --> OMX/txex/bx/n on input line 121.
\symlargesymbolsA=\mathgroup9
LaTeX Font Info:    Overwriting symbol font `largesymbolsA' in version `bold'
(Font)                  U/txexa/m/n --> U/txexa/bx/n on input line 129.
LaTeX Font Info:    Redeclaring math symbol \mathsterling on input line 164.
LaTeX Info: Redefining \not on input line 1043.
)
(c:/texlive/2020/texmf-dist/tex/generic/mathdots/mathdots.sty
Package: mathdots 2014/06/11 v0.9 Improve and add various macros for dots in ma
th.
\MDo@unit=\dimen149
\MDo@dotsbox=\box49
\MDoprekern=\muskip17
\MDopostkern=\muskip18
\MDodotkern=\muskip19
)
(c:/texlive/2020/texmf-dist/tex/latex/titlesec/titlesec.sty
Package: titlesec 2019/10/16 v2.13 Sectioning titles
\ttl@box=\box50
\beforetitleunit=\skip52
\aftertitleunit=\skip53
\ttl@plus=\dimen150
\ttl@minus=\dimen151
\ttl@toksa=\toks21
\titlewidth=\dimen152
\titlewidthlast=\dimen153
\titlewidthfirst=\dimen154
)
(c:/texlive/2020/texmf-dist/tex/latex/tools/array.sty
Package: array 2020/10/01 v2.5c Tabular extension package (FMi)
\col@sep=\dimen155
\ar@mcellbox=\box51
\extrarowheight=\dimen156
\NC@list=\toks22
\extratabsurround=\skip54
\backup@length=\skip55
\ar@cellbox=\box52
)
(c:/texlive/2020/texmf-dist/tex/latex/lastpage/lastpage.sty
Package: lastpage 2015/03/29 v1.2m Refers to last page's name (HMM; JPG)
)
(c:/texlive/2020/texmf-dist/tex/latex/etoolbox/etoolbox.sty
Package: etoolbox 2020/10/05 v2.5k e-TeX tools for LaTeX (JAW)
\etb@tempcnta=\count198
)
(c:/texlive/2020/texmf-dist/tex/latex/tools/longtable.sty
Package: longtable 2020/01/07 v4.13 Multi-page Table package (DPC)
\LTleft=\skip56
\LTright=\skip57
\LTpre=\skip58
\LTpost=\skip59
\LTchunksize=\count199
\LTcapwidth=\dimen157
\LT@head=\box53
\LT@firsthead=\box54
\LT@foot=\box55
\LT@lastfoot=\box56
\LT@cols=\count266
\LT@rows=\count267
\c@LT@tables=\count268
\c@LT@chunks=\count269
\LT@p@ftn=\toks23
)
(c:/texlive/2020/texmf-dist/tex/latex/tabu/tabu.sty
Package: tabu 2019/01/11 v2.9 - flexible LaTeX tabulars (FC+tabu-fixed)

(c:/texlive/2020/texmf-dist/tex/latex/varwidth/varwidth.sty
Package: varwidth 2009/03/30 ver 0.92;  Variable-width minipages
\@vwid@box=\box57
\sift@deathcycles=\count270
\@vwid@loff=\dimen158
\@vwid@roff=\dimen159
)
\c@taburow=\count271
\tabu@nbcols=\count272
\tabu@cnt=\count273
\tabu@Xcol=\count274
\tabu@alloc=\count275
\tabu@nested=\count276
\tabu@target=\dimen160
\tabu@spreadtarget=\dimen161
\tabu@naturalX=\dimen162
\tabucolX=\dimen163
\tabu@Xsum=\dimen164
\extrarowdepth=\dimen165
\abovetabulinesep=\dimen166
\belowtabulinesep=\dimen167
\tabustrutrule=\dimen168
\tabu@thebody=\toks24
\tabu@footnotes=\toks25
\tabu@box=\box58
\tabu@arstrutbox=\box59
\tabu@hleads=\box60
\tabu@vleads=\box61
\tabu@cellskip=\skip60
)
(c:/texlive/2020/texmf-dist/tex/latex/graphics/color.sty
Package: color 2020/02/24 v1.2b Standard LaTeX Color (DPC)

(c:/texlive/2020/texmf-dist/tex/latex/graphics-cfg/color.cfg
File: color.cfg 2016/01/02 v1.6 sample color configuration
)
Package color Info: Driver file: pdftex.def on input line 147.

(c:/texlive/2020/texmf-dist/tex/latex/graphics-def/pdftex.def
File: pdftex.def 2020/10/05 v1.2a Graphics/color driver for pdftex
))
(c:/texlive/2020/texmf-dist/tex/latex/colortbl/colortbl.sty
Package: colortbl 2020/01/04 v1.0e Color table columns (DPC)
\everycr=\toks26
\minrowclearance=\skip61
)
(c:/texlive/2020/texmf-dist/tex/latex/adjustbox/adjustbox.sty
Package: adjustbox 2020/08/19 v1.3 Adjusting TeX boxes (trim, clip, ...)

(c:/texlive/2020/texmf-dist/tex/latex/xkeyval/xkeyval.sty
Package: xkeyval 2014/12/03 v2.7a package option processing (HA)

(c:/texlive/2020/texmf-dist/tex/generic/xkeyval/xkeyval.tex
(c:/texlive/2020/texmf-dist/tex/generic/xkeyval/xkvutils.tex
\XKV@toks=\toks27
\XKV@tempa@toks=\toks28

(c:/texlive/2020/texmf-dist/tex/generic/xkeyval/keyval.tex))
\XKV@depth=\count277
File: xkeyval.tex 2014/12/03 v2.7a key=value parser (HA)
))
(c:/texlive/2020/texmf-dist/tex/latex/adjustbox/adjcalc.sty
Package: adjcalc 2012/05/16 v1.1 Provides advanced setlength with multiple back
-ends (calc, etex, pgfmath)
)
(c:/texlive/2020/texmf-dist/tex/latex/adjustbox/trimclip.sty
Package: trimclip 2020/08/19 v1.2 Trim and clip general TeX material

(c:/texlive/2020/texmf-dist/tex/latex/graphics/graphicx.sty
Package: graphicx 2020/09/09 v1.2b Enhanced LaTeX Graphics (DPC,SPQR)

(c:/texlive/2020/texmf-dist/tex/latex/graphics/graphics.sty
Package: graphics 2020/08/30 v1.4c Standard LaTeX Graphics (DPC,SPQR)

(c:/texlive/2020/texmf-dist/tex/latex/graphics/trig.sty
Package: trig 2016/01/03 v1.10 sin cos tan (DPC)
)
(c:/texlive/2020/texmf-dist/tex/latex/graphics-cfg/graphics.cfg
File: graphics.cfg 2016/06/04 v1.11 sample graphics configuration
)
Package graphics Info: Driver file: pdftex.def on input line 105.
)
\Gin@req@height=\dimen169
\Gin@req@width=\dimen170
)
(c:/texlive/2020/texmf-dist/tex/latex/collectbox/collectbox.sty
Package: collectbox 2012/05/17 v0.4b Collect macro arguments as boxes
\collectedbox=\box62
)
\tc@llx=\dimen171
\tc@lly=\dimen172
\tc@urx=\dimen173
\tc@ury=\dimen174
Package trimclip Info: Using driver 'tc-pdftex.def'.

(c:/texlive/2020/texmf-dist/tex/latex/adjustbox/tc-pdftex.def
File: tc-pdftex.def 2019/01/04 v2.2 Clipping driver for pdftex
))
\adjbox@Width=\dimen175
\adjbox@Height=\dimen176
\adjbox@Depth=\dimen177
\adjbox@Totalheight=\dimen178
\adjbox@pwidth=\dimen179
\adjbox@pheight=\dimen180
\adjbox@pdepth=\dimen181
\adjbox@ptotalheight=\dimen182

(c:/texlive/2020/texmf-dist/tex/latex/ifoddpage/ifoddpage.sty
Package: ifoddpage 2016/04/23 v1.1 Conditionals for odd/even page detection
\c@checkoddpage=\count278
))
(c:/texlive/2020/texmf-dist/tex/latex/geometry/geometry.sty
Package: geometry 2020/01/02 v5.9 Page Geometry

(c:/texlive/2020/texmf-dist/tex/generic/iftex/ifvtex.sty
Package: ifvtex 2019/10/25 v1.7 ifvtex legacy package. Use iftex instead.

(c:/texlive/2020/texmf-dist/tex/generic/iftex/iftex.sty
Package: iftex 2020/03/06 v1.0d TeX engine tests
))
\Gm@cnth=\count279
\Gm@cntv=\count280
\c@Gm@tempcnt=\count281
\Gm@bindingoffset=\dimen183
\Gm@wd@mp=\dimen184
\Gm@odd@mp=\dimen185
\Gm@even@mp=\dimen186
\Gm@layoutwidth=\dimen187
\Gm@layoutheight=\dimen188
\Gm@layouthoffset=\dimen189
\Gm@layoutvoffset=\dimen190
\Gm@dimlist=\toks29
)
(c:/texlive/2020/texmf-dist/tex/latex/kpfonts/kpfonts.sty
Package: kpfonts  2010/08/20 v3.31

(c:/texlive/2020/texmf-dist/tex/latex/base/textcomp.sty
Package: textcomp 2020/02/02 v2.0n Standard LaTeX package
LaTeX Font Info:    Changing ? sub-encoding to TS1/0 on input line 75.
)
\c@mv@rm=\count282
\c@mv@boldrm=\count283
\c@mv@sf=\count284
\c@mv@boldsf=\count285
LaTeX Font Info:    Redeclaring symbol font `operators' on input line 354.
LaTeX Font Info:    Overwriting symbol font `operators' in version `normal'
(Font)                  OT1/txr/m/n --> OT1/jkp/m/n on input line 354.
LaTeX Font Info:    Overwriting symbol font `operators' in version `bold'
(Font)                  OT1/txr/bx/n --> OT1/jkp/m/n on input line 354.
LaTeX Font Info:    Overwriting symbol font `operators' in version `rm'
(Font)                  OT1/txr/m/n --> OT1/jkp/m/n on input line 354.
LaTeX Font Info:    Overwriting symbol font `operators' in version `boldrm'
(Font)                  OT1/txr/m/n --> OT1/jkp/m/n on input line 354.
LaTeX Font Info:    Overwriting symbol font `operators' in version `sf'
(Font)                  OT1/txr/m/n --> OT1/jkp/m/n on input line 354.
LaTeX Font Info:    Overwriting symbol font `operators' in version `boldsf'
(Font)                  OT1/txr/m/n --> OT1/jkp/m/n on input line 354.
LaTeX Font Info:    Overwriting symbol font `operators' in version `bold'
(Font)                  OT1/jkp/m/n --> OT1/jkp/b/n on input line 355.
LaTeX Font Info:    Overwriting symbol font `operators' in version `rm'
(Font)                  OT1/jkp/m/n --> OT1/jkp/m/n on input line 357.
LaTeX Font Info:    Overwriting symbol font `operators' in version `boldrm'
(Font)                  OT1/jkp/m/n --> OT1/jkp/b/n on input line 358.
LaTeX Font Info:    Overwriting symbol font `operators' in version `sf'
(Font)                  OT1/jkp/m/n --> OT1/jkpss/m/n on input line 359.
LaTeX Font Info:    Overwriting symbol font `operators' in version `boldsf'
(Font)                  OT1/jkp/m/n --> OT1/jkpss/b/n on input line 360.
LaTeX Font Info:    Redeclaring math alphabet \mathrm on input line 364.
LaTeX Font Info:    Overwriting math alphabet `\mathrm' in version `bold'
(Font)                  OT1/jkp/m/n --> OT1/jkp/b/n on input line 365.
LaTeX Font Info:    Overwriting math alphabet `\mathrm' in version `rm'
(Font)                  OT1/jkp/m/n --> OT1/jkp/m/n on input line 366.
LaTeX Font Info:    Overwriting math alphabet `\mathrm' in version `boldrm'
(Font)                  OT1/jkp/m/n --> OT1/jkp/b/n on input line 367.
LaTeX Font Info:    Overwriting math alphabet `\mathrm' in version `sf'
(Font)                  OT1/jkp/m/n --> OT1/jkp/m/n on input line 368.
LaTeX Font Info:    Overwriting math alphabet `\mathrm' in version `boldsf'
(Font)                  OT1/jkp/m/n --> OT1/jkp/b/n on input line 369.
LaTeX Font Info:    Redeclaring math alphabet \mathbf on input line 378.
LaTeX Font Info:    Overwriting math alphabet `\mathbf' in version `normal'
(Font)                  OT1/txr/bx/n --> OT1/jkp/b/n on input line 378.
LaTeX Font Info:    Overwriting math alphabet `\mathbf' in version `bold'
(Font)                  OT1/txr/bx/n --> OT1/jkp/b/n on input line 378.
LaTeX Font Info:    Overwriting math alphabet `\mathbf' in version `rm'
(Font)                  OT1/cmr/bx/n --> OT1/jkp/b/n on input line 378.
LaTeX Font Info:    Overwriting math alphabet `\mathbf' in version `boldrm'
(Font)                  OT1/cmr/bx/n --> OT1/jkp/b/n on input line 378.
LaTeX Font Info:    Overwriting math alphabet `\mathbf' in version `sf'
(Font)                  OT1/cmr/bx/n --> OT1/jkp/b/n on input line 378.
LaTeX Font Info:    Overwriting math alphabet `\mathbf' in version `boldsf'
(Font)                  OT1/cmr/bx/n --> OT1/jkp/b/n on input line 378.
LaTeX Font Info:    Overwriting math alphabet `\mathbf' in version `bold'
(Font)                  OT1/jkp/b/n --> OT1/jkp/b/n on input line 379.
LaTeX Font Info:    Overwriting math alphabet `\mathbf' in version `rm'
(Font)                  OT1/jkp/b/n --> OT1/jkp/b/n on input line 381.
LaTeX Font Info:    Overwriting math alphabet `\mathbf' in version `boldrm'
(Font)                  OT1/jkp/b/n --> OT1/jkp/b/n on input line 382.
LaTeX Font Info:    Overwriting math alphabet `\mathbf' in version `sf'
(Font)                  OT1/jkp/b/n --> OT1/jkpss/b/n on input line 383.
LaTeX Font Info:    Overwriting math alphabet `\mathbf' in version `boldsf'
(Font)                  OT1/jkp/b/n --> OT1/jkpss/b/n on input line 384.
LaTeX Font Info:    Redeclaring math alphabet \mathit on input line 390.
LaTeX Font Info:    Overwriting math alphabet `\mathit' in version `normal'
(Font)                  OT1/txr/m/it --> OT1/jkp/m/it on input line 390.
LaTeX Font Info:    Overwriting math alphabet `\mathit' in version `bold'
(Font)                  OT1/txr/bx/it --> OT1/jkp/m/it on input line 390.
LaTeX Font Info:    Overwriting math alphabet `\mathit' in version `rm'
(Font)                  OT1/cmr/m/it --> OT1/jkp/m/it on input line 390.
LaTeX Font Info:    Overwriting math alphabet `\mathit' in version `boldrm'
(Font)                  OT1/cmr/m/it --> OT1/jkp/m/it on input line 390.
LaTeX Font Info:    Overwriting math alphabet `\mathit' in version `sf'
(Font)                  OT1/cmr/m/it --> OT1/jkp/m/it on input line 390.
LaTeX Font Info:    Overwriting math alphabet `\mathit' in version `boldsf'
(Font)                  OT1/cmr/m/it --> OT1/jkp/m/it on input line 390.
LaTeX Font Info:    Overwriting math alphabet `\mathit' in version `bold'
(Font)                  OT1/jkp/m/it --> OT1/jkp/b/it on input line 391.
LaTeX Font Info:    Overwriting math alphabet `\mathit' in version `rm'
(Font)                  OT1/jkp/m/it --> OT1/jkp/m/it on input line 393.
LaTeX Font Info:    Overwriting math alphabet `\mathit' in version `boldrm'
(Font)                  OT1/jkp/m/it --> OT1/jkp/b/it on input line 394.
LaTeX Font Info:    Overwriting math alphabet `\mathit' in version `sf'
(Font)                  OT1/jkp/m/it --> OT1/jkpss/m/it on input line 395.
LaTeX Font Info:    Overwriting math alphabet `\mathit' in version `boldsf'
(Font)                  OT1/jkp/m/it --> OT1/jkpss/b/it on input line 396.
LaTeX Font Info:    Redeclaring math alphabet \mathsf on input line 401.
LaTeX Font Info:    Overwriting math alphabet `\mathsf' in version `normal'
(Font)                  OT1/txss/m/n --> OT1/jkpss/m/n on input line 401.
LaTeX Font Info:    Overwriting math alphabet `\mathsf' in version `bold'
(Font)                  OT1/txss/b/n --> OT1/jkpss/m/n on input line 401.
LaTeX Font Info:    Overwriting math alphabet `\mathsf' in version `rm'
(Font)                  OT1/cmss/m/n --> OT1/jkpss/m/n on input line 401.
LaTeX Font Info:    Overwriting math alphabet `\mathsf' in version `boldrm'
(Font)                  OT1/cmss/m/n --> OT1/jkpss/m/n on input line 401.
LaTeX Font Info:    Overwriting math alphabet `\mathsf' in version `sf'
(Font)                  OT1/cmss/m/n --> OT1/jkpss/m/n on input line 401.
LaTeX Font Info:    Overwriting math alphabet `\mathsf' in version `boldsf'
(Font)                  OT1/cmss/m/n --> OT1/jkpss/m/n on input line 401.
LaTeX Font Info:    Overwriting math alphabet `\mathsf' in version `bold'
(Font)                  OT1/jkpss/m/n --> OT1/jkpss/b/n on input line 402.
LaTeX Font Info:    Overwriting math alphabet `\mathsf' in version `rm'
(Font)                  OT1/jkpss/m/n --> OT1/jkpss/m/n on input line 403.
LaTeX Font Info:    Overwriting math alphabet `\mathsf' in version `boldrm'
(Font)                  OT1/jkpss/m/n --> OT1/jkpss/b/n on input line 404.
LaTeX Font Info:    Overwriting math alphabet `\mathsf' in version `sf'
(Font)                  OT1/jkpss/m/n --> OT1/jkpss/m/n on input line 405.
LaTeX Font Info:    Overwriting math alphabet `\mathsf' in version `boldsf'
(Font)                  OT1/jkpss/m/n --> OT1/jkpss/b/n on input line 406.
LaTeX Font Info:    Redeclaring math alphabet \mathtt on input line 410.
LaTeX Font Info:    Overwriting math alphabet `\mathtt' in version `normal'
(Font)                  OT1/txtt/m/n --> OT1/jkptt/m/n on input line 410.
LaTeX Font Info:    Overwriting math alphabet `\mathtt' in version `bold'
(Font)                  OT1/txtt/b/n --> OT1/jkptt/m/n on input line 410.
LaTeX Font Info:    Overwriting math alphabet `\mathtt' in version `rm'
(Font)                  OT1/cmtt/m/n --> OT1/jkptt/m/n on input line 410.
LaTeX Font Info:    Overwriting math alphabet `\mathtt' in version `boldrm'
(Font)                  OT1/cmtt/m/n --> OT1/jkptt/m/n on input line 410.
LaTeX Font Info:    Overwriting math alphabet `\mathtt' in version `sf'
(Font)                  OT1/cmtt/m/n --> OT1/jkptt/m/n on input line 410.
LaTeX Font Info:    Overwriting math alphabet `\mathtt' in version `boldsf'
(Font)                  OT1/cmtt/m/n --> OT1/jkptt/m/n on input line 410.
LaTeX Font Info:    Overwriting math alphabet `\mathtt' in version `bold'
(Font)                  OT1/jkptt/m/n --> OT1/jkptt/b/n on input line 411.
LaTeX Font Info:    Overwriting math alphabet `\mathtt' in version `rm'
(Font)                  OT1/jkptt/m/n --> OT1/jkptt/m/n on input line 412.
LaTeX Font Info:    Overwriting math alphabet `\mathtt' in version `boldrm'
(Font)                  OT1/jkptt/m/n --> OT1/jkptt/b/n on input line 413.
LaTeX Font Info:    Overwriting math alphabet `\mathtt' in version `sf'
(Font)                  OT1/jkptt/m/n --> OT1/jkptt/m/n on input line 414.
LaTeX Font Info:    Overwriting math alphabet `\mathtt' in version `boldsf'
(Font)                  OT1/jkptt/m/n --> OT1/jkptt/b/n on input line 415.
LaTeX Font Info:    Redeclaring symbol font `letters' on input line 423.
LaTeX Font Info:    Overwriting symbol font `letters' in version `normal'
(Font)                  OML/txmi/m/it --> OML/jkp/m/it on input line 423.
LaTeX Font Info:    Overwriting symbol font `letters' in version `bold'
(Font)                  OML/txmi/bx/it --> OML/jkp/m/it on input line 423.
LaTeX Font Info:    Overwriting symbol font `letters' in version `rm'
(Font)                  OML/txmi/m/it --> OML/jkp/m/it on input line 423.
LaTeX Font Info:    Overwriting symbol font `letters' in version `boldrm'
(Font)                  OML/txmi/m/it --> OML/jkp/m/it on input line 423.
LaTeX Font Info:    Overwriting symbol font `letters' in version `sf'
(Font)                  OML/txmi/m/it --> OML/jkp/m/it on input line 423.
LaTeX Font Info:    Overwriting symbol font `letters' in version `boldsf'
(Font)                  OML/txmi/m/it --> OML/jkp/m/it on input line 423.
LaTeX Font Info:    Overwriting symbol font `letters' in version `bold'
(Font)                  OML/jkp/m/it --> OML/jkp/bx/it on input line 424.
LaTeX Font Info:    Overwriting symbol font `letters' in version `rm'
(Font)                  OML/jkp/m/it --> OML/jkp/m/it on input line 426.
LaTeX Font Info:    Overwriting symbol font `letters' in version `boldrm'
(Font)                  OML/jkp/m/it --> OML/jkp/bx/it on input line 427.
LaTeX Font Info:    Overwriting symbol font `letters' in version `sf'
(Font)                  OML/jkp/m/it --> OML/jkpss/m/it on input line 428.
LaTeX Font Info:    Overwriting symbol font `letters' in version `boldsf'
(Font)                  OML/jkp/m/it --> OML/jkpss/bx/it on input line 429.
LaTeX Font Info:    Redeclaring symbol font `lettersA' on input line 438.
LaTeX Font Info:    Overwriting symbol font `lettersA' in version `normal'
(Font)                  U/txmia/m/it --> U/jkpmia/m/it on input line 438.
LaTeX Font Info:    Overwriting symbol font `lettersA' in version `bold'
(Font)                  U/txmia/bx/it --> U/jkpmia/m/it on input line 438.
LaTeX Font Info:    Overwriting symbol font `lettersA' in version `rm'
(Font)                  U/txmia/m/it --> U/jkpmia/m/it on input line 438.
LaTeX Font Info:    Overwriting symbol font `lettersA' in version `boldrm'
(Font)                  U/txmia/m/it --> U/jkpmia/m/it on input line 438.
LaTeX Font Info:    Overwriting symbol font `lettersA' in version `sf'
(Font)                  U/txmia/m/it --> U/jkpmia/m/it on input line 438.
LaTeX Font Info:    Overwriting symbol font `lettersA' in version `boldsf'
(Font)                  U/txmia/m/it --> U/jkpmia/m/it on input line 438.
LaTeX Font Info:    Overwriting symbol font `lettersA' in version `bold'
(Font)                  U/jkpmia/m/it --> U/jkpmia/bx/it on input line 439.
LaTeX Font Info:    Overwriting symbol font `lettersA' in version `rm'
(Font)                  U/jkpmia/m/it --> U/jkpmia/m/it on input line 441.
LaTeX Font Info:    Overwriting symbol font `lettersA' in version `boldrm'
(Font)                  U/jkpmia/m/it --> U/jkpmia/bx/it on input line 442.
LaTeX Font Info:    Overwriting symbol font `lettersA' in version `sf'
(Font)                  U/jkpmia/m/it --> U/jkpssmia/m/it on input line 443.
LaTeX Font Info:    Overwriting symbol font `lettersA' in version `boldsf'
(Font)                  U/jkpmia/m/it --> U/jkpssmia/bx/it on input line 444.
LaTeX Font Info:    Redeclaring symbol font `symbols' on input line 456.
LaTeX Font Info:    Overwriting symbol font `symbols' in version `normal'
(Font)                  OMS/txsy/m/n --> OMS/jkp/m/n on input line 456.
LaTeX Font Info:    Overwriting symbol font `symbols' in version `bold'
(Font)                  OMS/txsy/bx/n --> OMS/jkp/m/n on input line 456.
LaTeX Font Info:    Overwriting symbol font `symbols' in version `rm'
(Font)                  OMS/txsy/m/n --> OMS/jkp/m/n on input line 456.
LaTeX Font Info:    Overwriting symbol font `symbols' in version `boldrm'
(Font)                  OMS/txsy/m/n --> OMS/jkp/m/n on input line 456.
LaTeX Font Info:    Overwriting symbol font `symbols' in version `sf'
(Font)                  OMS/txsy/m/n --> OMS/jkp/m/n on input line 456.
LaTeX Font Info:    Overwriting symbol font `symbols' in version `boldsf'
(Font)                  OMS/txsy/m/n --> OMS/jkp/m/n on input line 456.
LaTeX Font Info:    Overwriting symbol font `symbols' in version `bold'
(Font)                  OMS/jkp/m/n --> OMS/jkp/bx/n on input line 457.
LaTeX Font Info:    Overwriting symbol font `symbols' in version `rm'
(Font)                  OMS/jkp/m/n --> OMS/jkp/m/n on input line 459.
LaTeX Font Info:    Overwriting symbol font `symbols' in version `boldrm'
(Font)                  OMS/jkp/m/n --> OMS/jkp/bx/n on input line 460.
LaTeX Font Info:    Overwriting symbol font `symbols' in version `sf'
(Font)                  OMS/jkp/m/n --> OMS/jkp/m/n on input line 461.
LaTeX Font Info:    Overwriting symbol font `symbols' in version `boldsf'
(Font)                  OMS/jkp/m/n --> OMS/jkp/bx/n on input line 462.
LaTeX Font Info:    Redeclaring symbol font `AMSa' on input line 475.
LaTeX Font Info:    Overwriting symbol font `AMSa' in version `normal'
(Font)                  U/txsya/m/n --> U/jkpsya/m/n on input line 475.
LaTeX Font Info:    Overwriting symbol font `AMSa' in version `bold'
(Font)                  U/txsya/bx/n --> U/jkpsya/m/n on input line 475.
LaTeX Font Info:    Overwriting symbol font `AMSa' in version `rm'
(Font)                  U/txsya/m/n --> U/jkpsya/m/n on input line 475.
LaTeX Font Info:    Overwriting symbol font `AMSa' in version `boldrm'
(Font)                  U/txsya/m/n --> U/jkpsya/m/n on input line 475.
LaTeX Font Info:    Overwriting symbol font `AMSa' in version `sf'
(Font)                  U/txsya/m/n --> U/jkpsya/m/n on input line 475.
LaTeX Font Info:    Overwriting symbol font `AMSa' in version `boldsf'
(Font)                  U/txsya/m/n --> U/jkpsya/m/n on input line 475.
LaTeX Font Info:    Overwriting symbol font `AMSa' in version `bold'
(Font)                  U/jkpsya/m/n --> U/jkpsya/bx/n on input line 476.
LaTeX Font Info:    Overwriting symbol font `AMSa' in version `rm'
(Font)                  U/jkpsya/m/n --> U/jkpsya/m/n on input line 477.
LaTeX Font Info:    Overwriting symbol font `AMSa' in version `boldrm'
(Font)                  U/jkpsya/m/n --> U/jkpsya/bx/n on input line 478.
LaTeX Font Info:    Overwriting symbol font `AMSa' in version `sf'
(Font)                  U/jkpsya/m/n --> U/jkpsya/m/n on input line 479.
LaTeX Font Info:    Overwriting symbol font `AMSa' in version `boldsf'
(Font)                  U/jkpsya/m/n --> U/jkpsya/bx/n on input line 480.
LaTeX Font Info:    Redeclaring symbol font `AMSb' on input line 528.
LaTeX Font Info:    Overwriting symbol font `AMSb' in version `normal'
(Font)                  U/txsyb/m/n --> U/jkpsyb/m/n on input line 528.
LaTeX Font Info:    Overwriting symbol font `AMSb' in version `bold'
(Font)                  U/txsyb/bx/n --> U/jkpsyb/m/n on input line 528.
LaTeX Font Info:    Overwriting symbol font `AMSb' in version `rm'
(Font)                  U/txsyb/m/n --> U/jkpsyb/m/n on input line 528.
LaTeX Font Info:    Overwriting symbol font `AMSb' in version `boldrm'
(Font)                  U/txsyb/m/n --> U/jkpsyb/m/n on input line 528.
LaTeX Font Info:    Overwriting symbol font `AMSb' in version `sf'
(Font)                  U/txsyb/m/n --> U/jkpsyb/m/n on input line 528.
LaTeX Font Info:    Overwriting symbol font `AMSb' in version `boldsf'
(Font)                  U/txsyb/m/n --> U/jkpsyb/m/n on input line 528.
LaTeX Font Info:    Overwriting symbol font `AMSb' in version `bold'
(Font)                  U/jkpsyb/m/n --> U/jkpsyb/bx/n on input line 529.
LaTeX Font Info:    Overwriting symbol font `AMSb' in version `rm'
(Font)                  U/jkpsyb/m/n --> U/jkpsyb/m/n on input line 530.
LaTeX Font Info:    Overwriting symbol font `AMSb' in version `boldrm'
(Font)                  U/jkpsyb/m/n --> U/jkpsyb/bx/n on input line 531.
LaTeX Font Info:    Overwriting symbol font `AMSb' in version `sf'
(Font)                  U/jkpsyb/m/n --> U/jkpsssyb/m/n on input line 532.
LaTeX Font Info:    Overwriting symbol font `AMSb' in version `boldsf'
(Font)                  U/jkpsyb/m/n --> U/jkpsssyb/bx/n on input line 533.
LaTeX Font Info:    Redeclaring symbol font `symbolsC' on input line 548.
LaTeX Font Info:    Overwriting symbol font `symbolsC' in version `normal'
(Font)                  U/txsyc/m/n --> U/jkpsyc/m/n on input line 548.
LaTeX Font Info:    Overwriting symbol font `symbolsC' in version `bold'
(Font)                  U/txsyc/bx/n --> U/jkpsyc/m/n on input line 548.
LaTeX Font Info:    Overwriting symbol font `symbolsC' in version `rm'
(Font)                  U/txsyc/m/n --> U/jkpsyc/m/n on input line 548.
LaTeX Font Info:    Overwriting symbol font `symbolsC' in version `boldrm'
(Font)                  U/txsyc/m/n --> U/jkpsyc/m/n on input line 548.
LaTeX Font Info:    Overwriting symbol font `symbolsC' in version `sf'
(Font)                  U/txsyc/m/n --> U/jkpsyc/m/n on input line 548.
LaTeX Font Info:    Overwriting symbol font `symbolsC' in version `boldsf'
(Font)                  U/txsyc/m/n --> U/jkpsyc/m/n on input line 548.
LaTeX Font Info:    Overwriting symbol font `symbolsC' in version `bold'
(Font)                  U/jkpsyc/m/n --> U/jkpsyc/bx/n on input line 549.
LaTeX Font Info:    Overwriting symbol font `symbolsC' in version `rm'
(Font)                  U/jkpsyc/m/n --> U/jkpsyc/m/n on input line 551.
LaTeX Font Info:    Overwriting symbol font `symbolsC' in version `boldrm'
(Font)                  U/jkpsyc/m/n --> U/jkpsyc/bx/n on input line 552.
LaTeX Font Info:    Overwriting symbol font `symbolsC' in version `sf'
(Font)                  U/jkpsyc/m/n --> U/jkpsyc/m/n on input line 553.
LaTeX Font Info:    Overwriting symbol font `symbolsC' in version `boldsf'
(Font)                  U/jkpsyc/m/n --> U/jkpsyc/bx/n on input line 554.
LaTeX Font Info:    Overwriting math alphabet `\mathscr' in version `bold'
(Font)                  U/jkpsyd/m/n --> U/jkpsyd/bx/n on input line 583.
LaTeX Font Info:    Overwriting math alphabet `\mathscr' in version `rm'
(Font)                  U/jkpsyd/m/n --> U/jkpsyd/m/n on input line 585.
LaTeX Font Info:    Overwriting math alphabet `\mathscr' in version `boldrm'
(Font)                  U/jkpsyd/m/n --> U/jkpsyd/bx/n on input line 586.
LaTeX Font Info:    Overwriting math alphabet `\mathscr' in version `sf'
(Font)                  U/jkpsyd/m/n --> U/jkpsyd/m/n on input line 587.
LaTeX Font Info:    Overwriting math alphabet `\mathscr' in version `boldsf'
(Font)                  U/jkpsyd/m/n --> U/jkpsyd/bx/n on input line 588.
LaTeX Font Info:    Redeclaring symbol font `largesymbols' on input line 598.
LaTeX Font Info:    Overwriting symbol font `largesymbols' in version `normal'
(Font)                  OMX/txex/m/n --> OMX/jkp/m/n on input line 598.
LaTeX Font Info:    Overwriting symbol font `largesymbols' in version `bold'
(Font)                  OMX/txex/bx/n --> OMX/jkp/m/n on input line 598.
LaTeX Font Info:    Overwriting symbol font `largesymbols' in version `rm'
(Font)                  OMX/txex/m/n --> OMX/jkp/m/n on input line 598.
LaTeX Font Info:    Overwriting symbol font `largesymbols' in version `boldrm'
(Font)                  OMX/txex/m/n --> OMX/jkp/m/n on input line 598.
LaTeX Font Info:    Overwriting symbol font `largesymbols' in version `sf'
(Font)                  OMX/txex/m/n --> OMX/jkp/m/n on input line 598.
LaTeX Font Info:    Overwriting symbol font `largesymbols' in version `boldsf'
(Font)                  OMX/txex/m/n --> OMX/jkp/m/n on input line 598.
LaTeX Font Info:    Overwriting symbol font `largesymbols' in version `bold'
(Font)                  OMX/jkp/m/n --> OMX/jkp/bx/n on input line 599.
LaTeX Font Info:    Overwriting symbol font `largesymbols' in version `rm'
(Font)                  OMX/jkp/m/n --> OMX/jkp/m/n on input line 601.
LaTeX Font Info:    Overwriting symbol font `largesymbols' in version `boldrm'
(Font)                  OMX/jkp/m/n --> OMX/jkp/bx/n on input line 602.
LaTeX Font Info:    Overwriting symbol font `largesymbols' in version `sf'
(Font)                  OMX/jkp/m/n --> OMX/jkpss/m/n on input line 603.
LaTeX Font Info:    Overwriting symbol font `largesymbols' in version `boldsf'
(Font)                  OMX/jkp/m/n --> OMX/jkpss/bx/n on input line 604.
LaTeX Font Info:    Redeclaring symbol font `largesymbolsA' on input line 614.
LaTeX Font Info:    Overwriting symbol font `largesymbolsA' in version `normal'

(Font)                  U/txexa/m/n --> U/jkpexa/m/n on input line 614.
LaTeX Font Info:    Overwriting symbol font `largesymbolsA' in version `bold'
(Font)                  U/txexa/bx/n --> U/jkpexa/m/n on input line 614.
LaTeX Font Info:    Overwriting symbol font `largesymbolsA' in version `rm'
(Font)                  U/txexa/m/n --> U/jkpexa/m/n on input line 614.
LaTeX Font Info:    Overwriting symbol font `largesymbolsA' in version `boldrm'

(Font)                  U/txexa/m/n --> U/jkpexa/m/n on input line 614.
LaTeX Font Info:    Overwriting symbol font `largesymbolsA' in version `sf'
(Font)                  U/txexa/m/n --> U/jkpexa/m/n on input line 614.
LaTeX Font Info:    Overwriting symbol font `largesymbolsA' in version `boldsf'

(Font)                  U/txexa/m/n --> U/jkpexa/m/n on input line 614.
LaTeX Font Info:    Overwriting symbol font `largesymbolsA' in version `bold'
(Font)                  U/jkpexa/m/n --> U/jkpexa/bx/n on input line 615.
LaTeX Font Info:    Overwriting symbol font `largesymbolsA' in version `rm'
(Font)                  U/jkpexa/m/n --> U/jkpexa/m/n on input line 617.
LaTeX Font Info:    Overwriting symbol font `largesymbolsA' in version `boldrm'

(Font)                  U/jkpexa/m/n --> U/jkpexa/bx/n on input line 618.
LaTeX Font Info:    Overwriting symbol font `largesymbolsA' in version `sf'
(Font)                  U/jkpexa/m/n --> U/jkpexa/m/n on input line 619.
LaTeX Font Info:    Overwriting symbol font `largesymbolsA' in version `boldsf'

(Font)                  U/jkpexa/m/n --> U/jkpexa/bx/n on input line 620.
LaTeX Font Info:    Redeclaring math symbol \n@tch@r on input line 1578.
LaTeX Info: Redefining \not on input line 1580.
)
(c:/texlive/2020/texmf-dist/tex/latex/hyperref/hyperref.sty
Package: hyperref 2020-05-15 v7.00e Hypertext links for LaTeX

(c:/texlive/2020/texmf-dist/tex/generic/ltxcmds/ltxcmds.sty
Package: ltxcmds 2020-05-10 v1.25 LaTeX kernel commands for general use (HO)
)
(c:/texlive/2020/texmf-dist/tex/generic/pdftexcmds/pdftexcmds.sty
Package: pdftexcmds 2020-06-27 v0.33 Utility functions of pdfTeX for LuaTeX (HO
)

(c:/texlive/2020/texmf-dist/tex/generic/infwarerr/infwarerr.sty
Package: infwarerr 2019/12/03 v1.5 Providing info/warning/error messages (HO)
)
Package pdftexcmds Info: \pdf@primitive is available.
Package pdftexcmds Info: \pdf@ifprimitive is available.
Package pdftexcmds Info: \pdfdraftmode found.
)
(c:/texlive/2020/texmf-dist/tex/generic/kvsetkeys/kvsetkeys.sty
Package: kvsetkeys 2019/12/15 v1.18 Key value parser (HO)
)
(c:/texlive/2020/texmf-dist/tex/generic/kvdefinekeys/kvdefinekeys.sty
Package: kvdefinekeys 2019-12-19 v1.6 Define keys (HO)
)
(c:/texlive/2020/texmf-dist/tex/generic/pdfescape/pdfescape.sty
Package: pdfescape 2019/12/09 v1.15 Implements pdfTeX's escape features (HO)
)
(c:/texlive/2020/texmf-dist/tex/latex/hycolor/hycolor.sty
Package: hycolor 2020-01-27 v1.10 Color options for hyperref/bookmark (HO)
)
(c:/texlive/2020/texmf-dist/tex/latex/letltxmacro/letltxmacro.sty
Package: letltxmacro 2019/12/03 v1.6 Let assignment for LaTeX macros (HO)
)
(c:/texlive/2020/texmf-dist/tex/latex/auxhook/auxhook.sty
Package: auxhook 2019-12-17 v1.6 Hooks for auxiliary files (HO)
)
(c:/texlive/2020/texmf-dist/tex/latex/kvoptions/kvoptions.sty
Package: kvoptions 2020-10-07 v3.14 Key value format for package options (HO)
)
\@linkdim=\dimen191
\Hy@linkcounter=\count286
\Hy@pagecounter=\count287

(c:/texlive/2020/texmf-dist/tex/latex/hyperref/pd1enc.def
File: pd1enc.def 2020-05-15 v7.00e Hyperref: PDFDocEncoding definition (HO)
Now handling font encoding PD1 ...
... no UTF-8 mapping file for font encoding PD1
)
(c:/texlive/2020/texmf-dist/tex/generic/intcalc/intcalc.sty
Package: intcalc 2019/12/15 v1.3 Expandable calculations with integers (HO)
)
(c:/texlive/2020/texmf-dist/tex/generic/etexcmds/etexcmds.sty
Package: etexcmds 2019/12/15 v1.7 Avoid name clashes with e-TeX commands (HO)
)
\Hy@SavedSpaceFactor=\count288
Package hyperref Info: Hyper figures OFF on input line 4464.
Package hyperref Info: Link nesting OFF on input line 4469.
Package hyperref Info: Hyper index ON on input line 4472.
Package hyperref Info: Plain pages OFF on input line 4479.
Package hyperref Info: Backreferencing OFF on input line 4484.
Package hyperref Info: Implicit mode ON; LaTeX internals redefined.
Package hyperref Info: Bookmarks ON on input line 4717.
\c@Hy@tempcnt=\count289

(c:/texlive/2020/texmf-dist/tex/latex/url/url.sty
\Urlmuskip=\muskip20
Package: url 2013/09/16  ver 3.4  Verb mode for urls, etc.
)
LaTeX Info: Redefining \url on input line 5076.
\XeTeXLinkMargin=\dimen192

(c:/texlive/2020/texmf-dist/tex/generic/bitset/bitset.sty
Package: bitset 2019/12/09 v1.3 Handle bit-vector datatype (HO)

(c:/texlive/2020/texmf-dist/tex/generic/bigintcalc/bigintcalc.sty
Package: bigintcalc 2019/12/15 v1.5 Expandable calculations on big integers (HO
)
))
\Fld@menulength=\count290
\Field@Width=\dimen193
\Fld@charsize=\dimen194
Package hyperref Info: Hyper figures OFF on input line 6347.
Package hyperref Info: Link nesting OFF on input line 6352.
Package hyperref Info: Hyper index ON on input line 6355.
Package hyperref Info: backreferencing OFF on input line 6362.
Package hyperref Info: Link coloring OFF on input line 6367.
Package hyperref Info: Link coloring with OCG OFF on input line 6372.
Package hyperref Info: PDF/A mode OFF on input line 6377.
LaTeX Info: Redefining \ref on input line 6417.
LaTeX Info: Redefining \pageref on input line 6421.

(c:/texlive/2020/texmf-dist/tex/latex/base/atbegshi-ltx.sty
Package: atbegshi-ltx 2020/08/17 v1.0a Emulation of the original atbegshi packa
ge
with kernel methods
)
\Hy@abspage=\count291
\c@Item=\count292
\c@Hfootnote=\count293
)
Package hyperref Info: Driver (autodetected): hpdftex.

(c:/texlive/2020/texmf-dist/tex/latex/hyperref/hpdftex.def
File: hpdftex.def 2020-05-15 v7.00e Hyperref driver for pdfTeX

(c:/texlive/2020/texmf-dist/tex/latex/base/atveryend-ltx.sty
Package: atveryend-ltx 2020/08/19 v1.0a Emulation of the original atvery packag
e
with kernel methods
)
\Fld@listcount=\count294
\c@bookmark@seq@number=\count295

(c:/texlive/2020/texmf-dist/tex/latex/rerunfilecheck/rerunfilecheck.sty
Package: rerunfilecheck 2019/12/05 v1.9 Rerun checks for auxiliary files (HO)

(c:/texlive/2020/texmf-dist/tex/generic/uniquecounter/uniquecounter.sty
Package: uniquecounter 2019/12/15 v1.4 Provide unlimited unique counter (HO)
)
Package uniquecounter Info: New unique counter `rerunfilecheck' on input line 2
86.
)
\Hy@SectionHShift=\skip62
)
(c:/texlive/2020/texmf-dist/tex/latex/fancyhdr/fancyhdr.sty
Package: fancyhdr 2019/01/31 v3.10 Extensive control of page headers and footer
s
\f@nch@headwidth=\skip63
\f@nch@O@elh=\skip64
\f@nch@O@erh=\skip65
\f@nch@O@olh=\skip66
\f@nch@O@orh=\skip67
\f@nch@O@elf=\skip68
\f@nch@O@erf=\skip69
\f@nch@O@olf=\skip70
\f@nch@O@orf=\skip71
)
(c:/texlive/2020/texmf-dist/tex/latex/wrapfig/wrapfig.sty
\wrapoverhang=\dimen195
\WF@size=\dimen196
\c@WF@wrappedlines=\count296
\WF@box=\box63
\WF@everypar=\toks30
Package: wrapfig 2003/01/31  v 3.6
)
(c:/texlive/2020/texmf-dist/tex/latex/lipsum/lipsum.sty
(c:/texlive/2020/texmf-dist/tex/latex/l3kernel/expl3.sty
Package: expl3 2020-10-05 L3 programming layer (loader) 

(c:/texlive/2020/texmf-dist/tex/latex/l3backend/l3backend-pdftex.def
File: l3backend-pdftex.def 2020-09-24 L3 backend support: PDF output (pdfTeX)
\l__kernel_color_stack_int=\count297
\l__pdf_internal_box=\box64
))
(c:/texlive/2020/texmf-dist/tex/latex/l3packages/xparse/xparse.sty
Package: xparse 2020-10-05 L3 Experimental document command parser

(c:/texlive/2020/texmf-dist/tex/latex/l3packages/xparse/xparse-generic.tex))
Package: lipsum 2019/01/02 v2.2 150 paragraphs of Lorem Ipsum dummy text

(c:/texlive/2020/texmf-dist/tex/latex/lipsum/lipsum.ltd.tex
File: lipsum.ltd.tex 2019/01/02 v2.2 The Lorem ipsum dummy text
))
(c:/texlive/2020/texmf-dist/tex/latex/caption/subcaption.sty
Package: subcaption 2020/08/23 v1.3g Sub-captions (AR)

(c:/texlive/2020/texmf-dist/tex/latex/caption/caption.sty
Package: caption 2020/09/12 v3.5b Customizing captions (AR)

(c:/texlive/2020/texmf-dist/tex/latex/caption/caption3.sty
Package: caption3 2020/09/17 v2.1b caption3 kernel (AR)
\captionmargin=\dimen197
\captionmargin@=\dimen198
\captionwidth=\dimen199
\caption@tempdima=\dimen256
\caption@indent=\dimen257
\caption@parindent=\dimen258
\caption@hangindent=\dimen259
Package caption Info: Standard document class detected.
)
\c@caption@flags=\count298
\c@continuedfloat=\count299
Package caption Info: hyperref package is loaded.
Package caption Info: longtable package is loaded.

(c:/texlive/2020/texmf-dist/tex/latex/caption/ltcaption.sty
Package: ltcaption 2020/05/30 v1.4b longtable captions (AR)
)
Package caption Info: wrapfig package is loaded.
)
\c@subfigure=\count300
\c@subtable=\count301
)
(c:/texlive/2020/texmf-dist/tex/latex/float/float.sty
Package: float 2001/11/08 v1.3d Float enhancements (AL)
\c@float@type=\count302
\float@exts=\toks31
\float@box=\box65
\@float@everytoks=\toks32
\@floatcapt=\box66
)
(c:/texlive/2020/texmf-dist/tex/latex/setspace/setspace.sty
Package: setspace 2011/12/19 v6.7a set line spacing
)
\@float@every@table=\toks33
Package hyperref Info: Option `colorlinks' set `true' on input line 42.
LaTeX Font Info:    Trying to load font information for OT1+jkp on input line 7
8.

(c:/texlive/2020/texmf-dist/tex/latex/kpfonts/ot1jkp.fd
File: ot1jkp.fd 2007/08/30 Fontinst v1.928 font definitions for OT1/jkp.
)
(./PROGI_ProjektnaDokumentacija_v6.aux (./Dnevnik_promjena_dokumentacije.aux)
(./Opis_projektnog_zadatka.aux) (./Specifikacija_programske_potpore.aux)
(./Arhitektura.aux) (./Implementacija.aux) (./Zakljucak.aux) (./Literatura.aux)
(./Dodatak.aux))
\openout1 = `PROGI_ProjektnaDokumentacija_v6.aux'.

LaTeX Font Info:    Checking defaults for OML/jkp/m/it on input line 78.
LaTeX Font Info:    Trying to load font information for OML+jkp on input line 7
8.
 (c:/texlive/2020/texmf-dist/tex/latex/kpfonts/omljkp.fd
File: omljkp.fd 2006/08/15 v1.0
)
LaTeX Font Info:    ... okay on input line 78.
LaTeX Font Info:    Checking defaults for OMS/jkp/m/n on input line 78.
LaTeX Font Info:    Trying to load font information for OMS+jkp on input line 7
8.

(c:/texlive/2020/texmf-dist/tex/latex/kpfonts/omsjkp.fd
File: omsjkp.fd 2006/08/15 v1.0
)
LaTeX Font Info:    ... okay on input line 78.
LaTeX Font Info:    Checking defaults for OT1/cmr/m/n on input line 78.
LaTeX Font Info:    ... okay on input line 78.
LaTeX Font Info:    Checking defaults for T1/cmr/m/n on input line 78.
LaTeX Font Info:    ... okay on input line 78.
LaTeX Font Info:    Checking defaults for TS1/cmr/m/n on input line 78.
LaTeX Font Info:    ... okay on input line 78.
LaTeX Font Info:    Checking defaults for OMX/jkp/m/n on input line 78.
LaTeX Font Info:    Trying to load font information for OMX+jkp on input line 7
8.

(c:/texlive/2020/texmf-dist/tex/latex/kpfonts/omxjkp.fd
File: omxjkp.fd 2006/08/15 v1.0
)
LaTeX Font Info:    ... okay on input line 78.
LaTeX Font Info:    Checking defaults for U/jkpexa/m/n on input line 78.
LaTeX Font Info:    Trying to load font information for U+jkpexa on input line 
78.

(c:/texlive/2020/texmf-dist/tex/latex/kpfonts/ujkpexa.fd
File: ujkpexa.fd 2006/08/15 v1.0
)
LaTeX Font Info:    ... okay on input line 78.
LaTeX Font Info:    Checking defaults for PD1/pdf/m/n on input line 78.
LaTeX Font Info:    ... okay on input line 78.
Package lastpage Info: Please have a look at the pageslts package at
(lastpage)             https://www.ctan.org/pkg/pageslts
(lastpage)             ! on input line 78.

(c:/texlive/2020/texmf-dist/tex/context/base/mkii/supp-pdf.mkii
[Loading MPS to PDF converter (version 2006.09.02).]
\scratchcounter=\count303
\scratchdimen=\dimen260
\scratchbox=\box67
\nofMPsegments=\count304
\nofMParguments=\count305
\everyMPshowfont=\toks34
\MPscratchCnt=\count306
\MPscratchDim=\dimen261
\MPnumerator=\count307
\makeMPintoPDFobject=\count308
\everyMPtoPDFconversion=\toks35
) (c:/texlive/2020/texmf-dist/tex/latex/epstopdf-pkg/epstopdf-base.sty
Package: epstopdf-base 2020-01-24 v2.11 Base part for package epstopdf
Package epstopdf-base Info: Redefining graphics rule for `.eps' on input line 4
85.

(c:/texlive/2020/texmf-dist/tex/latex/latexconfig/epstopdf-sys.cfg
File: epstopdf-sys.cfg 2010/07/13 v1.3 Configuration of (r)epstopdf for TeX Liv
e
))
*geometry* driver: auto-detecting
*geometry* detected driver: pdftex
*geometry* verbose mode - [ preamble ] result:
* driver: pdftex
* paper: a4paper
* layout: <same size as paper>
* layoutoffset:(h,v)=(0.0pt,0.0pt)
* modes: 
* h-part:(L,W,R)=(72.26999pt, 435.6108pt, 89.62709pt)
* v-part:(T,H,B)=(72.26999pt, 671.37021pt, 101.40665pt)
* \paperwidth=597.50787pt
* \paperheight=845.04684pt
* \textwidth=435.6108pt
* \textheight=671.37021pt
* \oddsidemargin=0.0pt
* \evensidemargin=0.0pt
* \topmargin=-37.0pt
* \headheight=12.0pt
* \headsep=25.0pt
* \topskip=12.0pt
* \footskip=30.0pt
* \marginparwidth=44.0pt
* \marginparsep=10.0pt
* \columnsep=10.0pt
* \skip\footins=10.8pt plus 4.0pt minus 2.0pt
* \hoffset=0.0pt
* \voffset=0.0pt
* \mag=1000
* \@twocolumnfalse
* \@twosidefalse
* \@mparswitchfalse
* \@reversemarginfalse
* (1in=72.27pt=25.4mm, 1cm=28.453pt)

Package hyperref Info: Link coloring ON on input line 78.
(c:/texlive/2020/texmf-dist/tex/latex/hyperref/nameref.sty
Package: nameref 2019/09/16 v2.46 Cross-referencing by name of section

(c:/texlive/2020/texmf-dist/tex/latex/refcount/refcount.sty
Package: refcount 2019/12/15 v3.6 Data extraction from label references (HO)
)
(c:/texlive/2020/texmf-dist/tex/generic/gettitlestring/gettitlestring.sty
Package: gettitlestring 2019/12/15 v1.6 Cleanup title references (HO)
)
\c@section@level=\count309
)
LaTeX Info: Redefining \ref on input line 78.
LaTeX Info: Redefining \pageref on input line 78.
LaTeX Info: Redefining \nameref on input line 78.

(./PROGI_ProjektnaDokumentacija_v6.out) (./PROGI_ProjektnaDokumentacija_v6.out)
\@outlinefile=\write3
\openout3 = `PROGI_ProjektnaDokumentacija_v6.out'.

Package caption Info: Begin \AtBeginDocument code.
Package caption Info: float package is loaded.
Package caption Info: End \AtBeginDocument code.
[1

{c:/texlive/2020/texmf-var/fonts/map/pdftex/updmap/pdftex.map}]
(./PROGI_ProjektnaDokumentacija_v6.toc
LaTeX Font Info:    Trying to load font information for U+jkpsya on input line 
5.

(c:/texlive/2020/texmf-dist/tex/latex/kpfonts/ujkpsya.fd
File: ujkpsya.fd 2006/08/15 v1.0
)
LaTeX Font Info:    Trying to load font information for U+jkpsyb on input line 
5.

(c:/texlive/2020/texmf-dist/tex/latex/kpfonts/ujkpsyb.fd
File: ujkpsyb.fd 2006/08/15 v1.0
)
LaTeX Font Info:    Trying to load font information for OT1+txr on input line 5
.

(c:/texlive/2020/texmf-dist/tex/latex/txfonts/ot1txr.fd
File: ot1txr.fd 2000/12/15 v3.1
)
LaTeX Font Info:    Trying to load font information for U+jkpmia on input line 
5.

(c:/texlive/2020/texmf-dist/tex/latex/kpfonts/ujkpmia.fd
File: ujkpmia.fd 2006/08/15 v1.0
)
LaTeX Font Info:    Trying to load font information for U+jkpsyc on input line 
5.

(c:/texlive/2020/texmf-dist/tex/latex/kpfonts/ujkpsyc.fd
File: ujkpsyc.fd 2006/08/15 v1.0
)

Package Fancyhdr Warning: \headheight is too small (12.0pt): 
Make it at least 14.49998pt.
We now make it that large for the rest of the document.
This may cause the page layout to be inconsistent, however.

pdfTeX warning (ext4): destination with the same identifier (name{page.1}) has 
been already used, duplicate ignored
<to be read again> 
                   \relax 
l.26 ...hapter}{Popis literature}{58}{chapter*.29}
                                                  % [1

])
\tf@toc=\write4
\openout4 = `PROGI_ProjektnaDokumentacija_v6.toc'.

 [2]
\openout2 = `Dnevnik_promjena_dokumentacije.aux'.


(./Dnevnik_promjena_dokumentacije.tex
Poglavlje 1.

Underfull \hbox (badness 10000) in paragraph at lines 3--4

 []


Overfull \hbox (6.59265pt too wide) in paragraph at lines 48--48
[]\OT1/jkp/m/n/12 09.10.2020.|  
 []


Overfull \hbox (6.59265pt too wide) in paragraph at lines 48--48
[]\OT1/jkp/m/n/12 14.10.2020.|  
 []


Overfull \hbox (6.59265pt too wide) in paragraph at lines 48--48
[]\OT1/jkp/m/n/12 21.10.2020.|  
 []


Overfull \hbox (6.59265pt too wide) in paragraph at lines 48--48
[]\OT1/jkp/m/n/12 21.10.2020.|  
 []


Overfull \hbox (6.59265pt too wide) in paragraph at lines 48--48
[]\OT1/jkp/m/n/12 21.10.2020.|  
 []


Overfull \hbox (6.59265pt too wide) in paragraph at lines 48--48
[]\OT1/jkp/m/n/12 22.10.2020.|  
 []


Overfull \hbox (6.59265pt too wide) in paragraph at lines 48--48
[]\OT1/jkp/m/n/12 23.10.2020.|  
 []


Overfull \hbox (6.59265pt too wide) in paragraph at lines 48--48
[]\OT1/jkp/m/n/12 24.10.2020.|  
 []


Overfull \hbox (6.59265pt too wide) in paragraph at lines 48--48
[]\OT1/jkp/m/n/12 24.10.2020.|  
 []


Overfull \hbox (6.59265pt too wide) in paragraph at lines 48--48
[]\OT1/jkp/m/n/12 07.11.2020.|  
 []


Overfull \hbox (6.59265pt too wide) in paragraph at lines 48--48
[]\OT1/jkp/m/n/12 08.11.2020.|  
 []


Overfull \hbox (6.59265pt too wide) in paragraph at lines 48--48
[]\OT1/jkp/m/n/12 08.11.2020.|  
 []


Overfull \hbox (6.59265pt too wide) in paragraph at lines 48--48
[]\OT1/jkp/m/n/12 07.11.2020.|  
 []


Overfull \hbox (6.59265pt too wide) in paragraph at lines 48--48
[]\OT1/jkp/m/n/12 13.11.2020.|  
 []


Overfull \hbox (6.59265pt too wide) in paragraph at lines 48--48
[]\OT1/jkp/m/n/12 12.11.2020.|  
 []

[3


]) [4]
\openout2 = `Opis_projektnog_zadatka.aux'.

 (./Opis_projektnog_zadatka.tex
Poglavlje 2.
<./slike/crv1.jpg, id=169, 722.7pt x 1445.4pt>
File: ./slike/crv1.jpg Graphic file (type jpg)
<use ./slike/crv1.jpg>
Package pdftex.def Info: ./slike/crv1.jpg  used on input line 7.
(pdftex.def)             Requested size: 72.27423pt x 144.54846pt.
<./slike/crv2.jpg, id=170, 722.7pt x 1445.4pt>
File: ./slike/crv2.jpg Graphic file (type jpg)
<use ./slike/crv2.jpg>
Package pdftex.def Info: ./slike/crv2.jpg  used on input line 13.
(pdftex.def)             Requested size: 72.27423pt x 144.54846pt.
<./slike/crv3.jpg, id=171, 722.7pt x 1445.4pt>
File: ./slike/crv3.jpg Graphic file (type jpg)
<use ./slike/crv3.jpg>
Package pdftex.def Info: ./slike/crv3.jpg  used on input line 19.
(pdftex.def)             Requested size: 72.27423pt x 144.54846pt.

Underfull \hbox (badness 10000) in paragraph at lines 2--26

 []


Underfull \hbox (badness 10000) in paragraph at lines 27--31

 []

[5




 <./slike/crv1.jpg> <./slike/crv2.jpg> <./slike/crv3.jpg>]
LaTeX Font Info:    Trying to load font information for TS1+jkp on input line 3
4.

(c:/texlive/2020/texmf-dist/tex/latex/kpfonts/ts1jkp.fd
File: ts1jkp.fd 2007/08/30 Fontinst v1.928 font definitions for TS1/jkp.
)
Underfull \hbox (badness 10000) in paragraph at lines 43--44

 []


Underfull \hbox (badness 10000) in paragraph at lines 45--46

 []

<./slike/spasioc.png, id=178, 200.75pt x 200.75pt>
File: ./slike/spasioc.png Graphic file (type png)
<use ./slike/spasioc.png>
Package pdftex.def Info: ./slike/spasioc.png  used on input line 49.
(pdftex.def)             Requested size: 108.9027pt x 108.90573pt.

Underfull \hbox (badness 10000) in paragraph at lines 52--53

 []

<./slike/leader.png, id=180, 513.92pt x 513.92pt>
File: ./slike/leader.png Graphic file (type png)
<use ./slike/leader.png>
Package pdftex.def Info: ./slike/leader.png  used on input line 57.
(pdftex.def)             Requested size: 108.9027pt x 108.89876pt.
[6 <./slike/spasioc.png>]
<./slike/Dispatch.png, id=189, 111.2958pt x 126.9543pt>
File: ./slike/Dispatch.png Graphic file (type png)
<use ./slike/Dispatch.png>
Package pdftex.def Info: ./slike/Dispatch.png  used on input line 76.
(pdftex.def)             Requested size: 108.9027pt x 124.23032pt.

Underfull \hbox (badness 10000) in paragraph at lines 77--77
[]\OT1/jkp/m/n/12 Slika 2.4: |Ikona
 []


Underfull \hbox (badness 2343) in paragraph at lines 79--80
\OT1/jkp/m/n/12 lja i nad-zi-ra-nja rada ci-je-log sus-tava ak-cija spa[]savanj
a
 []

[7 <./slike/leader.png> <./slike/Dispatch.png>]
Underfull \hbox (badness 10000) in paragraph at lines 88--89

 []


Overfull \hbox (22.42874pt too wide) in paragraph at lines 90--91
\OT1/jkp/m/n/12 za-tra[]zene re-gis-tra-cije vr[]si pro-vjeru kre-den-cija mogu
[]ceg no-vog ko-ris-nika te je potvr[]duje,
 []


Underfull \hbox (badness 10000) in paragraph at lines 90--91

 []

) [8]
\openout2 = `Specifikacija_programske_potpore.aux'.

 (./Specifikacija_programske_potpore.tex
Poglavlje 3.
[9




] [10]

Package hyperref Warning: Token not allowed in a PDF string (PDFDocEncoding):
(hyperref)                removing `\\' on input line 98.


Overfull \hbox (16.6934pt too wide) in paragraph at lines 133--134
[]\OT1/jkp/m/n/12 Obavje[]stavamo ko-ris-nika da je une-seni e-mail ne-is-pra-v
an te ga vra[]camo
 []


Underfull \hbox (badness 10000) in paragraph at lines 133--134

 []

[11]
Underfull \hbox (badness 10000) in paragraph at lines 167--168

 []


Underfull \hbox (badness 10000) in paragraph at lines 193--194

 []

[12]
Underfull \hbox (badness 10000) in paragraph at lines 238--239

 []

[13]
Underfull \hbox (badness 10000) in paragraph at lines 274--275

 []


Underfull \hbox (badness 10000) in paragraph at lines 301--302

 []

[14]
Underfull \hbox (badness 10000) in paragraph at lines 340--341

 []


Overfull \hbox (1.71967pt too wide) in paragraph at lines 365--366
[]\OT1/jkp/m/n/12 Administrator pro-mi-jeni po-datke o sta-nici, ali ne oda-ber
e op-ciju "Spremi
 []

[15]
Underfull \hbox (badness 10000) in paragraph at lines 398--399

 []


Overfull \hbox (6.94917pt too wide) in paragraph at lines 431--432
[]\OT1/jkp/m/n/12 Odabrani spa-si-lac je ve[]c ozna[]cen kao os-po-sob-ljen za 
sve na[]cine spa[]savanja 
 []


Overfull \hbox (12.37347pt too wide) in paragraph at lines 434--435
[]\OT1/jkp/m/n/12 Voditelj mo[]ze uki-nuti po-je-dine na[]cine spa[]savanja iz 
po-pisa za doti[]cnog
 []

[16]
Overfull \hbox (8.05344pt too wide) in paragraph at lines 476--477
[]\OT1/jkp/m/n/12 Dispe[]cer []salje upit za uklju[]cenje dru-gih spa-si-oca na
 ak-ciju spa[]savanja. 
 []

[17]
Overfull \hbox (3.91345pt too wide) in paragraph at lines 513--514
[]\OT1/jkp/m/n/12 Obavje[]stavamo vo-di-te-lja da ne mo[]ze do-dati tra[]zenog 
spa-si-oca u svoju
 []


Underfull \hbox (badness 10000) in paragraph at lines 513--514

 []


Underfull \hbox (badness 10000) in paragraph at lines 531--532

 []

[18]
Underfull \hbox (badness 10000) in paragraph at lines 549--550

 []


Underfull \hbox (badness 10000) in paragraph at lines 565--566

 []

[19]
Underfull \hbox (badness 10000) in paragraph at lines 602--603

 []


Underfull \hbox (badness 10000) in paragraph at lines 619--620

 []

[20]
Underfull \hbox (badness 10000) in paragraph at lines 669--670

 []


Underfull \hbox (badness 10000) in paragraph at lines 685--686

 []

[21]
Underfull \hbox (badness 10000) in paragraph at lines 732--733

 []


Overfull \hbox (26.50388pt too wide) in paragraph at lines 744--745
[]\OT1/jkp/b/n/12 Preduvjet: \OT1/jkp/m/n/12 Ak-cija je u ti-jeku, ne-do-voljno
 spa-si-oca je uklju[]ceno u ak-ciju spa[]savanja. 
 []

[22]
Underfull \hbox (badness 10000) in paragraph at lines 796--798

 []


Underfull \hbox (badness 10000) in paragraph at lines 816--817

 []

[23]
<./slike/Korisnik,Administrator.png, id=450, 1116.42094pt x 615.0478pt>
File: ./slike/Korisnik,Administrator.png Graphic file (type png)
<use ./slike/Korisnik,Administrator.png>
Package pdftex.def Info: ./slike/Korisnik,Administrator.png  used on input line
 845.
(pdftex.def)             Requested size: 435.6108pt x 239.9803pt.
<./slike/Spasioci.png, id=451, 849.1725pt x 596.98032pt>
File: ./slike/Spasioci.png Graphic file (type png)
<use ./slike/Spasioci.png>
Package pdftex.def Info: ./slike/Spasioci.png  used on input line 852.
(pdftex.def)             Requested size: 435.6108pt x 306.24133pt.
<./slike/Dispecer.png, id=452, 928.97063pt x 532.23843pt>
File: ./slike/Dispecer.png Graphic file (type png)
<use ./slike/Dispecer.png>
Package pdftex.def Info: ./slike/Dispecer.png  used on input line 859.
(pdftex.def)             Requested size: 435.6108pt x 249.5836pt.


LaTeX Warning: `!h' float specifier changed to `!ht'.

[24 <./slike/Korisnik,Administrator.png> <./slike/Spasioci.png>] [25 <./slike/D
ispecer.png>]
Underfull \hbox (badness 10000) in paragraph at lines 870--872

 []

<./slike/UC15.png, id=471, 662.475pt x 615.0478pt>
File: ./slike/UC15.png Graphic file (type png)
<use ./slike/UC15.png>
Package pdftex.def Info: ./slike/UC15.png  used on input line 877.
(pdftex.def)             Requested size: 435.6108pt x 404.42184pt.
[26

 <./slike/UC15.png>]
Underfull \hbox (badness 10000) in paragraph at lines 885--887

 []

<./slike/UC24.png, id=480, 681.29532pt x 717.43031pt>
File: ./slike/UC24.png Graphic file (type png)
<use ./slike/UC24.png>
Package pdftex.def Info: ./slike/UC24.png  used on input line 892.
(pdftex.def)             Requested size: 435.6108pt x 458.71594pt.
[27 <./slike/UC24.png>]
Underfull \hbox (badness 10000) in paragraph at lines 901--903

 []

<./slike/UC27.png, id=488, 750.55406pt x 582.67688pt>
File: ./slike/UC27.png Graphic file (type png)
<use ./slike/UC27.png>
Package pdftex.def Info: ./slike/UC27.png  used on input line 908.
(pdftex.def)             Requested size: 435.6108pt x 338.18399pt.
[28 <./slike/UC27.png>]

Package hyperref Warning: Token not allowed in a PDF string (PDFDocEncoding):
(hyperref)                removing `\\' on input line 920.

) [29]
\openout2 = `Arhitektura.aux'.

 (./Arhitektura.tex
Poglavlje 4.
[30




]
Overfull \hbox (6.23247pt too wide) in paragraph at lines 129--129
[]\OT1/jkp/m/n/12 infNestalaOsoba|  
 []

[31]
Overfull \hbox (4.34848pt too wide) in paragraph at lines 166--166
[]\OT1/jkp/b/n/12 korImeSpasilac|  
 []


Overfull \hbox (4.34848pt too wide) in paragraph at lines 183--183
[]\OT1/jkp/b/n/12 korImeSpasilac|  
 []

[32]
Overfull \hbox (4.34848pt too wide) in paragraph at lines 236--236
[]\OT1/jkp/b/n/12 korImeSpasilac|  
 []

<./slike/dijagrambaze.png, id=527, 887.52632pt x 548.36447pt>
File: ./slike/dijagrambaze.png Graphic file (type png)
<use ./slike/dijagrambaze.png>
Package pdftex.def Info: ./slike/dijagrambaze.png  used on input line 241.
(pdftex.def)             Requested size: 435.6108pt x 269.14441pt.
[33 <./slike/dijagrambaze.png>]

Package hyperref Warning: Token not allowed in a PDF string (PDFDocEncoding):
(hyperref)                removing `\\' on input line 249.


Underfull \hbox (badness 10000) in paragraph at lines 252--253

 []


Underfull \hbox (badness 10000) in paragraph at lines 255--256

 []

<./slike/Controllers.jpg, id=536, 1262.7175pt x 1106.1325pt>
File: ./slike/Controllers.jpg Graphic file (type jpg)
<use ./slike/Controllers.jpg>
Package pdftex.def Info: ./slike/Controllers.jpg  used on input line 259.
(pdftex.def)             Requested size: 435.6108pt x 381.59924pt.
[34 <./slike/Controllers.jpg>]
Underfull \hbox (badness 10000) in paragraph at lines 265--267

 []


Underfull \hbox (badness 10000) in paragraph at lines 265--267

 []

<./slike/ServisImpl.jpg, id=543, 2882.77pt x 1164.35pt>
File: ./slike/ServisImpl.jpg Graphic file (type jpg)
<use ./slike/ServisImpl.jpg>
Package pdftex.def Info: ./slike/ServisImpl.jpg  used on input line 270.
(pdftex.def)             Requested size: 435.6108pt x 175.94193pt.
[35 <./slike/ServisImpl.jpg>]
Underfull \hbox (badness 10000) in paragraph at lines 275--276

 []

<./slike/Entiteti.jpg, id=550, 1393.205pt x 640.3925pt>
File: ./slike/Entiteti.jpg Graphic file (type jpg)
<use ./slike/Entiteti.jpg>
Package pdftex.def Info: ./slike/Entiteti.jpg  used on input line 279.
(pdftex.def)             Requested size: 435.6108pt x 200.22964pt.
[36 <./slike/Entiteti.jpg>]
<./slike/Dijagram stanja - Spasilac.jpg, id=558, 1076.02pt x 989.6975pt>
File: ./slike/Dijagram stanja - Spasilac.jpg Graphic file (type jpg)
<use ./slike/Dijagram stanja - Spasilac.jpg>
Package pdftex.def Info: ./slike/Dijagram stanja - Spasilac.jpg  used on input 
line 293.
(pdftex.def)             Requested size: 435.6108pt x 400.65918pt.


LaTeX Warning: `!h' float specifier changed to `!ht'.

[37]
<./slike/PrijavaNaAkciju.jpg, id=564, 1341.01pt x 1549.79pt>
File: ./slike/PrijavaNaAkciju.jpg Graphic file (type jpg)
<use ./slike/PrijavaNaAkciju.jpg>
Package pdftex.def Info: ./slike/PrijavaNaAkciju.jpg  used on input line 309.
(pdftex.def)             Requested size: 435.6108pt x 503.41566pt.


LaTeX Warning: `!h' float specifier changed to `!ht'.

[38 <./slike/Dijagram stanja - Spasilac.jpg>]
<./slike/StvaranjeAkcije.jpg, id=571, 913.91437pt x 1079.53313pt>
File: ./slike/StvaranjeAkcije.jpg Graphic file (type jpg)
<use ./slike/StvaranjeAkcije.jpg>
Package pdftex.def Info: ./slike/StvaranjeAkcije.jpg  used on input line 321.
(pdftex.def)             Requested size: 435.6108pt x 514.54611pt.


LaTeX Warning: `!h' float specifier changed to `!ht'.


Overfull \hbox (0.89952pt too wide) in paragraph at lines 326--327
\OT1/jkp/m/n/12 zavr[]setku is-pune forme ak-cija je do-dana u bazu po-da-taka 
te je dispe[]cer vra[]cen
 []


Underfull \hbox (badness 10000) in paragraph at lines 326--327

 []

[39 <./slike/PrijavaNaAkciju.jpg>]
Underfull \hbox (badness 10000) in paragraph at lines 335--336

 []

[40 <./slike/StvaranjeAkcije.jpg>]
<./slike/DijagramKomponenti.jpg, id=584, 1438.37375pt x 1029.8475pt>
File: ./slike/DijagramKomponenti.jpg Graphic file (type jpg)
<use ./slike/DijagramKomponenti.jpg>
Package pdftex.def Info: ./slike/DijagramKomponenti.jpg  used on input line 339
.
(pdftex.def)             Requested size: 435.6108pt x 311.87947pt.
) [41 <./slike/DijagramKomponenti.jpg>]
\openout2 = `Implementacija.aux'.


(./Implementacija.tex
Poglavlje 5.

Package hyperref Warning: Composite letter `\textasciicaron+c'
(hyperref)                not defined in PD1 encoding,
(hyperref)                removing `\textasciicaron' on input line 1.


Package hyperref Warning: Composite letter `\textasciicaron+c'
(hyperref)                not defined in PD1 encoding,
(hyperref)                removing `\textasciicaron' on input line 1.


Overfull \hbox (10.38434pt too wide) in paragraph at lines 1--1
|[]\OT1/jkp/b/n/24.88 Implementacija i ko-risni[]cko su[]celje| 
 []

[42




]
Overfull \hbox (9.732pt too wide) in paragraph at lines 26--27
\OT1/jkp/m/n/12 U sljede[]cem pot-po-glav-lju is-pi-ti-va-nje funk-ci-onal-nost
i sus-tava iz-ve-deno je kori[]stenjem
 []

[43]
Underfull \hbox (badness 10000) in paragraph at lines 34--35

 []

<./slike/TestRegistracije.jpg, id=619, 486.31688pt x 663.22781pt>
File: ./slike/TestRegistracije.jpg Graphic file (type jpg)
<use ./slike/TestRegistracije.jpg>
Package pdftex.def Info: ./slike/TestRegistracije.jpg  used on input line 38.
(pdftex.def)             Requested size: 435.6108pt x 594.07603pt.
[44 <./slike/TestRegistracije.jpg>]
Underfull \hbox (badness 10000) in paragraph at lines 46--47

 []

<./slike/PokusajPrijaveSaNepotvdrenimRacunom.jpg, id=626, 416.30531pt x 459.215
62pt>
File: ./slike/PokusajPrijaveSaNepotvdrenimRacunom.jpg Graphic file (type jpg)
<use ./slike/PokusajPrijaveSaNepotvdrenimRacunom.jpg>
Package pdftex.def Info: ./slike/PokusajPrijaveSaNepotvdrenimRacunom.jpg  used 
on input line 50.
(pdftex.def)             Requested size: 435.6108pt x 480.53696pt.
[45 <./slike/PokusajPrijaveSaNepotvdrenimRacunom.jpg>]
Underfull \hbox (badness 10000) in paragraph at lines 58--59

 []

<./slike/ManipulacijaRegistracija.jpg, id=634, 460.72125pt x 554.82281pt>
File: ./slike/ManipulacijaRegistracija.jpg Graphic file (type jpg)
<use ./slike/ManipulacijaRegistracija.jpg>
Package pdftex.def Info: ./slike/ManipulacijaRegistracija.jpg  used on input li
ne 62.
(pdftex.def)             Requested size: 435.6108pt x 524.58124pt.
[46 <./slike/ManipulacijaRegistracija.jpg>]
Underfull \hbox (badness 10000) in paragraph at lines 70--71

 []

<./slike/Slika2.png, id=641, 541.27219pt x 561.59813pt>
File: ./slike/Slika2.png Graphic file (type png)
<use ./slike/Slika2.png>
Package pdftex.def Info: ./slike/Slika2.png  used on input line 74.
(pdftex.def)             Requested size: 435.6108pt x 451.97844pt.
[47 <./slike/Slika2.png>]
Underfull \hbox (badness 10000) in paragraph at lines 82--83

 []

<./slike/BrisanjeProfila.jpg, id=649, 462.97969pt x 488.57532pt>
File: ./slike/BrisanjeProfila.jpg Graphic file (type jpg)
<use ./slike/BrisanjeProfila.jpg>
Package pdftex.def Info: ./slike/BrisanjeProfila.jpg  used on input line 86.
(pdftex.def)             Requested size: 435.6108pt x 459.70071pt.
[48 <./slike/BrisanjeProfila.jpg>]
Overfull \hbox (66.72725pt too wide) in paragraph at lines 100--101
\OT1/jkp/m/n/12 U sljede[]cim is-pi-tima funk-ci-onal-nosti sus-tava is-pi-tani
 su obrasci upo-rabe \OT1/jkp/b/n/12 UC4, UC5,UC24,UC26
 []


Underfull \hbox (badness 10000) in paragraph at lines 100--101

 []

<./slike/IspitivanjeSustava.png, id=657, 443.40656pt x 621.82312pt>
File: ./slike/IspitivanjeSustava.png Graphic file (type png)
<use ./slike/IspitivanjeSustava.png>
Package pdftex.def Info: ./slike/IspitivanjeSustava.png  used on input line 123
.
(pdftex.def)             Requested size: 435.6108pt x 610.92908pt.

LaTeX Warning: `!h' float specifier changed to `!ht'.

[49]

LaTeX Warning: Text page 50 contains only floats.

[50 <./slike/IspitivanjeSustava.png>]
<./slike/TestiranjeRezultat.png, id=670, 273.27094pt x 304.13625pt>
File: ./slike/TestiranjeRezultat.png Graphic file (type png)
<use ./slike/TestiranjeRezultat.png>
Package pdftex.def Info: ./slike/TestiranjeRezultat.png  used on input line 131
.
(pdftex.def)             Requested size: 435.6108pt x 484.84589pt.
 [51 <./slike/TestiranjeRezultat.png>]
Overfull \hbox (5.27121pt too wide) in paragraph at lines 142--143
\OT1/jkp/m/n/12 poslu[]zitelj", a ko-mu-ni-ka-cija izme[]du ra[]cunala ko-ris-n
ika i poslu[]zitelja odvija se preko
 []

<./slike/Dijagram_razmjestaja.jpg, id=678, 1410.26875pt x 715.67375pt>
File: ./slike/Dijagram_razmjestaja.jpg Graphic file (type jpg)
<use ./slike/Dijagram_razmjestaja.jpg>
Package pdftex.def Info: ./slike/Dijagram_razmjestaja.jpg  used on input line 1
46.
(pdftex.def)             Requested size: 435.6108pt x 221.05939pt.
[52 <./slike/Dijagram_razmjestaja.jpg>]
Underfull \hbox (badness 10000) in paragraph at lines 154--155

 []


Underfull \hbox (badness 10000) in paragraph at lines 156--157

 []


Underfull \hbox (badness 10000) in paragraph at lines 158--159

 []


Underfull \hbox (badness 10000) in paragraph at lines 160--161

 []


Underfull \hbox (badness 10000) in paragraph at lines 162--163

 []


Overfull \hbox (8.50562pt too wide) in paragraph at lines 164--165
[]\OT1/jkp/m/n/12 Po pr-vom pa-lje-nju ser-vera baze po-da-taka po-trebno je po
mo[]cu ne-kog od ure[]diva[]ca
 []


Overfull \hbox (1.35284pt too wide) in paragraph at lines 164--165
\OT1/jkp/m/n/12 tek-s-tova(notepad,notepad++ itd.) otvo-riti da-to-teku po imen
u "Baza.sql" te ozna[]citi
 []


Underfull \hbox (badness 10000) in paragraph at lines 164--165

 []


Underfull \hbox (badness 10000) in paragraph at lines 166--167

 []


Underfull \hbox (badness 10000) in paragraph at lines 168--169

 []


Underfull \hbox (badness 10000) in paragraph at lines 170--171

 []


Underfull \hbox (badness 10000) in paragraph at lines 172--173

 []

[53]
Underfull \hbox (badness 10000) in paragraph at lines 174--175

 []


Underfull \hbox (badness 10000) in paragraph at lines 176--177

 []


Underfull \hbox (badness 10000) in paragraph at lines 178--179

 []


Underfull \hbox (badness 10000) in paragraph at lines 180--181

 []


Underfull \hbox (badness 10000) in paragraph at lines 182--183

 []


Underfull \hbox (badness 10000) in paragraph at lines 184--185

 []


Underfull \hbox (badness 10000) in paragraph at lines 186--187

 []


Underfull \hbox (badness 10000) in paragraph at lines 188--192

 []


Underfull \hbox (badness 10000) in paragraph at lines 193--194

 []


Underfull \hbox (badness 10000) in paragraph at lines 195--196

 []

[54]
Underfull \hbox (badness 10000) in paragraph at lines 197--198

 []


Underfull \hbox (badness 10000) in paragraph at lines 199--200

 []


Underfull \hbox (badness 10000) in paragraph at lines 201--202

 []


Underfull \hbox (badness 10000) in paragraph at lines 203--204

 []

[55])
\openout2 = `Zakljucak.aux'.

 (./Zakljucak.tex
Poglavlje 6.

Package hyperref Warning: Composite letter `\textasciicaron+c'
(hyperref)                not defined in PD1 encoding,
(hyperref)                removing `\textasciicaron' on input line 1.

[56




] [57])
\openout2 = `Literatura.aux'.

 (./Literatura.tex
LaTeX Font Info:    Trying to load font information for OT1+jkptt on input line
 9.

(c:/texlive/2020/texmf-dist/tex/latex/kpfonts/ot1jkptt.fd
File: ot1jkptt.fd 2007/01/26 Fontinst v1.928 font definitions for OT1/jkptt.
)) [58




]
(./PROGI_ProjektnaDokumentacija_v6.lof [59



])
\tf@lof=\write5
\openout5 = `PROGI_ProjektnaDokumentacija_v6.lof'.

 [60]
\openout2 = `Dodatak.aux'.

 (./Dodatak.tex
Overfull \hbox (13.11122pt too wide) in paragraph at lines 13--14
[]\OT1/jkp/m/n/12 Prisustvovali: B.Boras, L.Gusar, K.Kova[]c, Z.F.Kova[]ci[]c, 
S.Mlaki[]c, M.[]Skrabi[]c,
 []


Underfull \hbox (badness 10000) in paragraph at lines 19--20

 []


Underfull \hbox (badness 10000) in paragraph at lines 30--31

 []


Underfull \hbox (badness 10000) in paragraph at lines 42--43

 []

[61


]
Overfull \hbox (13.11122pt too wide) in paragraph at lines 49--50
[]\OT1/jkp/m/n/12 Prisustvovali: B.Boras, L.Gusar, K.Kova[]c, Z.F.Kova[]ci[]c, 
S.Mlaki[]c, M.[]Skrabi[]c,
 []


Underfull \hbox (badness 10000) in paragraph at lines 54--55

 []


Underfull \hbox (badness 10000) in paragraph at lines 65--66

 []


Overfull \hbox (12.76324pt too wide) in paragraph at lines 72--73
[]\OT1/jkp/m/n/12 Prisustvovali: B.Boras, L.Gusar, Z.F.Kova[]ci[]c, S.Mlaki[]c,
 M.[]Skrabi[]c, M.Stojak 
 []


Underfull \hbox (badness 10000) in paragraph at lines 75--76

 []


Underfull \hbox (badness 10000) in paragraph at lines 85--86

 []

[62]
Overfull \hbox (13.11122pt too wide) in paragraph at lines 93--94
[]\OT1/jkp/m/n/12 Prisustvovali: B.Boras, L.Gusar, K.Kova[]c, Z.F.Kova[]ci[]c, 
S.Mlaki[]c, M.[]Skrabi[]c,
 []


Underfull \hbox (badness 10000) in paragraph at lines 97--98

 []


Underfull \hbox (badness 10000) in paragraph at lines 108--109

 []


Underfull \hbox (badness 10000) in paragraph at lines 119--120

 []


Underfull \hbox (badness 10000) in paragraph at lines 130--131

 []


Overfull \hbox (13.11122pt too wide) in paragraph at lines 138--139
[]\OT1/jkp/m/n/12 Prisustvovali: B.Boras, L.Gusar, K.Kova[]c, Z.F.Kova[]ci[]c, 
S.Mlaki[]c, M.[]Skrabi[]c,
 []


Underfull \hbox (badness 10000) in paragraph at lines 142--143

 []

[63]
Overfull \hbox (13.11122pt too wide) in paragraph at lines 150--151
[]\OT1/jkp/m/n/12 Prisustvovali: B.Boras, L.Gusar, K.Kova[]c, Z.F.Kova[]ci[]c, 
S.Mlaki[]c, M.[]Skrabi[]c,
 []


Underfull \hbox (badness 10000) in paragraph at lines 154--155

 []


Overfull \hbox (13.11122pt too wide) in paragraph at lines 162--163
[]\OT1/jkp/m/n/12 Prisustvovali: B.Boras, L.Gusar, K.Kova[]c, Z.F.Kova[]ci[]c, 
S.Mlaki[]c, M.[]Skrabi[]c,
 []


Underfull \hbox (badness 10000) in paragraph at lines 166--167

 []


Overfull \hbox (10.67523pt too wide) in paragraph at lines 172--173
[]\OT1/jkp/m/n/12 Prisustvovali: B.Boras, L.Gusar, K.Kova[]c, Z.F.Kova[]ci[]c, 
M.[]Skrabi[]c, M.Stojak 
 []


Underfull \hbox (badness 10000) in paragraph at lines 175--176

 []


Underfull \hbox (badness 10000) in paragraph at lines 184--185

 []

[64]
Overfull \hbox (5.27919pt too wide) in paragraph at lines 242--242
 []\OT1/jkp/m/n/12 00:10| 
 []


Overfull \hbox (5.27919pt too wide) in paragraph at lines 242--242
 []\OT1/jkp/m/n/12 00:10| 
 []


Overfull \hbox (5.27919pt too wide) in paragraph at lines 242--242
 []\OT1/jkp/m/n/12 00:10| 
 []


Overfull \hbox (5.27919pt too wide) in paragraph at lines 242--242
 []\OT1/jkp/m/n/12 00:10| 
 []


Overfull \hbox (5.27919pt too wide) in paragraph at lines 242--242
 []\OT1/jkp/m/n/12 00:10| 
 []


Overfull \hbox (5.27919pt too wide) in paragraph at lines 242--242
 []\OT1/jkp/m/n/12 00:10| 
 []


Overfull \hbox (5.27919pt too wide) in paragraph at lines 242--242
 []\OT1/jkp/m/n/12 00:10| 
 []


Overfull \hbox (5.27919pt too wide) in paragraph at lines 242--242
 []\OT1/jkp/m/n/12 00:20| 
 []


Overfull \hbox (5.27919pt too wide) in paragraph at lines 242--242
 []\OT1/jkp/m/n/12 00:30| 
 []

[65]
Underfull \hbox (badness 10000) in paragraph at lines 250--251

 []

<./slike/master.jpeg, id=819, 937.5025pt x 903.375pt>
File: ./slike/master.jpeg Graphic file (type jpg)
<use ./slike/master.jpeg>
Package pdftex.def Info: ./slike/master.jpeg  used on input line 254.
(pdftex.def)             Requested size: 435.6108pt x 419.748pt.
[66 <./slike/master.jpeg>]
Underfull \hbox (badness 10000) in paragraph at lines 261--262

 []

<./slike/devdoc.jpeg, id=826, 930.47626pt x 900.36375pt>
File: ./slike/devdoc.jpeg Graphic file (type jpg)
<use ./slike/devdoc.jpeg>
Package pdftex.def Info: ./slike/devdoc.jpeg  used on input line 265.
(pdftex.def)             Requested size: 435.6108pt x 421.50867pt.
[67 <./slike/devdoc.jpeg>]
Underfull \hbox (badness 10000) in paragraph at lines 272--273

 []

<./slike/develop.jpeg, id=832, 926.46124pt x 909.3975pt>
File: ./slike/develop.jpeg Graphic file (type jpg)
<use ./slike/develop.jpeg>
Package pdftex.def Info: ./slike/develop.jpeg  used on input line 276.
(pdftex.def)             Requested size: 435.6108pt x 427.59727pt.
[68 <./slike/develop.jpeg>]
Underfull \hbox (badness 10000) in paragraph at lines 283--284

 []

<./slike/baze.jpeg, id=838, 903.375pt x 457.71pt>
File: ./slike/baze.jpeg Graphic file (type jpg)
<use ./slike/baze.jpeg>
Package pdftex.def Info: ./slike/baze.jpeg  used on input line 287.
(pdftex.def)             Requested size: 435.6108pt x 220.711pt.
[69 <./slike/baze.jpeg>]) 
AED: lastpage setting LastPage
(./PROGI_ProjektnaDokumentacija_v6.aux (./Dnevnik_promjena_dokumentacije.aux)
(./Opis_projektnog_zadatka.aux) (./Specifikacija_programske_potpore.aux)
(./Arhitektura.aux) (./Implementacija.aux) (./Zakljucak.aux) (./Literatura.aux)
(./Dodatak.aux))
Package rerunfilecheck Info: File `PROGI_ProjektnaDokumentacija_v6.out' has not
 changed.
(rerunfilecheck)             Checksum: 645D417230D3FD5270164A95B0176EB7;1752.
 ) 
Here is how much of TeX's memory you used:
 13881 strings out of 479917
 208533 string characters out of 5886664
 708597 words of memory out of 5000000
 29728 multiletter control sequences out of 15000+600000
 573400 words of font info for 106 fonts, out of 8000000 for 9000
 1141 hyphenation exceptions out of 8191
 93i,13n,128p,1516b,623s stack positions out of 5000i,500n,10000p,200000b,80000s
{c:/texlive/2020/texmf-dist/fonts/enc/dvips/base/8r.enc}<c:/texlive/2020/texm
f-dist/fonts/type1/public/kpfonts/jkpbit8a.pfb><c:/texlive/2020/texmf-dist/font
s/type1/public/kpfonts/jkpbn8a.pfb><c:/texlive/2020/texmf-dist/fonts/type1/publ
ic/kpfonts/jkpmit8a.pfb><c:/texlive/2020/texmf-dist/fonts/type1/public/kpfonts/
jkpmn8a.pfb><c:/texlive/2020/texmf-dist/fonts/type1/public/kpfonts/jkpsy.pfb><c
:/texlive/2020/texmf-dist/fonts/type1/public/kpfonts/jkpttmn8a.pfb>
Output written on PROGI_ProjektnaDokumentacija_v6.pdf (70 pages, 4619869 bytes)
.
PDF statistics:
 939 PDF objects out of 1000 (max. 8388607)
 808 compressed objects within 9 object streams
 327 named destinations out of 1000 (max. 500000)
 369 words of extra memory for PDF output out of 10000 (max. 10000000)

